<html>
<head>
<title>TestNG:  Default test</title>
<link href="../testng.css" rel="stylesheet" type="text/css" />
<link href="../my-testng.css" rel="stylesheet" type="text/css" />

<style type="text/css">
.log { display: none;} 
.stack-trace { display: none;} 
</style>
<script type="text/javascript">
<!--
function flip(e) {
  current = e.style.display;
  if (current == 'block') {
    e.style.display = 'none';
    return 0;
  }
  else {
    e.style.display = 'block';
    return 1;
  }
}

function toggleBox(szDivId, elem, msg1, msg2)
{
  var res = -1;  if (document.getElementById) {
    res = flip(document.getElementById(szDivId));
  }
  else if (document.all) {
    // this is the way old msie versions work
    res = flip(document.all[szDivId]);
  }
  if(elem) {
    if(res == 0) elem.innerHTML = msg1; else elem.innerHTML = msg2;
  }

}

function toggleAllBoxes() {
  if (document.getElementsByTagName) {
    d = document.getElementsByTagName('div');
    for (i = 0; i < d.length; i++) {
      if (d[i].className == 'log') {
        flip(d[i]);
      }
    }
  }
}

// -->
</script>

</head>
<body>
<h2 align='center'>Default test</h2><table border='1' align="center">
<tr>
<td>Tests passed/Failed/Skipped:</td><td>2/0/2</td>
</tr><tr>
<td>Started on:</td><td>Mon Jul 06 14:45:55 IST 2020</td>
</tr>
<tr><td>Total time:</td><td>178 seconds (178284 ms)</td>
</tr><tr>
<td>Included groups:</td><td></td>
</tr><tr>
<td>Excluded groups:</td><td></td>
</tr>
</table><p/>
<small><i>(Hover the method name to see the test class name)</i></small><p/>
<table width='100%' border='1' class='invocation-failed'>
<tr><td colspan='4' align='center'><b>FAILED CONFIGURATIONS</b></td></tr>
<tr><td><b>Test method</b></td>
<td width="30%"><b>Exception</b></td>
<td width="10%"><b>Time (seconds)</b></td>
<td><b>Instance</b></td>
</tr>
<tr>
<td title='Hotel_Dweb.Hotel.SetupApplication()'><b>SetupApplication</b><br>Test class: Hotel_Dweb.Hotel<br/>
<a href="#Output-443721024" onClick='toggleBox("Output-443721024", this, "Show output", "Hide output");'>Show output</a>

<a href="#Output-443721024" onClick="toggleAllBoxes();">Show all outputs</a>
<div class='log' id="Output-443721024">
========= Browser Seesion Started=======<br/>
</div>
</td>
<td><div><pre>org.openqa.selenium.SessionNotCreatedException: session not created
from disconnected: received Inspector.detached event
  (Session info: chrome=75.0.3770.80)
Build info: version: &apos;3.8.1&apos;, revision: &apos;6e95a6684b&apos;, time: &apos;2017-12-01T18:33:54.468Z&apos;
System info: host: &apos;DEVENDRAGUPTA&apos;, ip: &apos;192.168.30.122&apos;, os.name: &apos;Windows 10&apos;, os.arch: &apos;amd64&apos;, os.version: &apos;10.0&apos;, java.version: &apos;1.8.0_211&apos;
Driver info: driver.version: ChromeDriver
remote stacktrace: Backtrace:
	Ordinal0 [0x004C7DF3+1474035]
	Ordinal0 [0x004407D1+919505]
	Ordinal0 [0x003DCB43+510787]
	Ordinal0 [0x003D4243+475715]
	Ordinal0 [0x003D3F46+474950]
	Ordinal0 [0x003D3C72+474226]
	Ordinal0 [0x003D3241+471617]
	Ordinal0 [0x003D2DD9+470489]
	Ordinal0 [0x003D2D95+470421]
	Ordinal0 [0x003DB526+505126]
	Ordinal0 [0x003D2D52+470354]
	Ordinal0 [0x003D389F+473247]
	Ordinal0 [0x003D3241+471617]
	Ordinal0 [0x003D2DD9+470489]
	Ordinal0 [0x003D2D95+470421]
	Ordinal0 [0x003D9A31+498225]
	Ordinal0 [0x003D2D52+470354]
	Ordinal0 [0x003D389F+473247]
	Ordinal0 [0x003D3241+471617]
	Ordinal0 [0x003D2DD9+470489]
	Ordinal0 [0x003D2D95+470421]
	Ordinal0 [0x003D7F30+491312]
	Ordinal0 [0x003D2D52+470354]
	Ordinal0 [0x003D389F+473247]
	Ordinal0 [0x003D3241+471617]
	Ordinal0 [0x003D2DD9+470489]
	Ordinal0 [0x003D2D95+470421]
	Ordinal0 [0x003D714F+487759]
	Ordinal0 [0x003D2D52+470354]
	Ordinal0 [0x003D389F+473247]
	Ordinal0 [0x003D3241+471617]
	Ordinal0 [0x003D2DD9+470489]
	Ordinal0 [0x003D2D95+470421]
	Ordinal0 [0x003CF854+456788]
	Ordinal0 [0x003D2D52+470354]
	Ordinal0 [0x003D2BEE+469998]
	Ordinal0 [0x003DD7F0+514032]
	Ordinal0 [0x003915EA+202218]
	Ordinal0 [0x0039069D+198301]
	Ordinal0 [0x0038EECB+192203]
	Ordinal0 [0x00375FF6+90102]
	Ordinal0 [0x0037765A+95834]
	Ordinal0 [0x00377554+95572]
	GetHandleVerifier [0x0062231C+1249612]
	GetHandleVerifier [0x00571575+525221]
	GetHandleVerifier [0x00571310+524608]
	Ordinal0 [0x004D5D28+1531176]
	GetHandleVerifier [0x00571D4A+527226]
	Ordinal0 [0x004575F6+1013238]
	Ordinal0 [0x0045746F+1012847]
	Ordinal0 [0x0046365B+1062491]
	Ordinal0 [0x0046379F+1062815]
	Ordinal0 [0x00462745+1058629]
	BaseThreadInitThunk [0x760F0419+25]
	RtlGetAppContainerNamedObjectPath [0x7747662D+237]
	RtlGetAppContainerNamedObjectPath [0x774765FD+189]

	at sun.reflect.NativeConstructorAccessorImpl.newInstance0(Native Method)
	at sun.reflect.NativeConstructorAccessorImpl.newInstance(NativeConstructorAccessorImpl.java:62)
	at sun.reflect.DelegatingConstructorAccessorImpl.newInstance(DelegatingConstructorAccessorImpl.java:45)
	at java.lang.reflect.Constructor.newInstance(Constructor.java:423)
	at org.openqa.selenium.remote.W3CHandshakeResponse.lambda$new$0(W3CHandshakeResponse.java:57)
	at org.openqa.selenium.remote.W3CHandshakeResponse.lambda$getResponseFunction$2(W3CHandshakeResponse.java:104)
	at org.openqa.selenium.remote.ProtocolHandshake.lambda$createSession$0(ProtocolHandshake.java:123)
	at java.util.stream.ReferencePipeline$3$1.accept(ReferencePipeline.java:193)
	at java.util.Spliterators$ArraySpliterator.tryAdvance(Spliterators.java:958)
	at java.util.stream.ReferencePipeline.forEachWithCancel(ReferencePipeline.java:126)
	at java.util.stream.AbstractPipeline.copyIntoWithCancel(AbstractPipeline.java:498)
	at java.util.stream.AbstractPipeline.copyInto(AbstractPipeline.java:485)
	at java.util.stream.AbstractPipeline.wrapAndCopyInto(AbstractPipeline.java:471)
	at java.util.stream.FindOps$FindOp.evaluateSequential(FindOps.java:152)
	at java.util.stream.AbstractPipeline.evaluate(AbstractPipeline.java:234)
	at java.util.stream.ReferencePipeline.findFirst(ReferencePipeline.java:464)
	at org.openqa.selenium.remote.ProtocolHandshake.createSession(ProtocolHandshake.java:126)
	at org.openqa.selenium.remote.ProtocolHandshake.createSession(ProtocolHandshake.java:73)
	at org.openqa.selenium.remote.HttpCommandExecutor.execute(HttpCommandExecutor.java:142)
	at org.openqa.selenium.remote.service.DriverCommandExecutor.execute(DriverCommandExecutor.java:83)
	at org.openqa.selenium.remote.RemoteWebDriver.execute(RemoteWebDriver.java:601)
	at org.openqa.selenium.remote.RemoteWebDriver.startSession(RemoteWebDriver.java:219)
	at org.openqa.selenium.remote.RemoteWebDriver.&lt;init&gt;(RemoteWebDriver.java:142)
	at org.openqa.selenium.chrome.ChromeDriver.&lt;init&gt;(ChromeDriver.java:181)
	at org.openqa.selenium.chrome.ChromeDriver.&lt;init&gt;(ChromeDriver.java:168)
	at org.openqa.selenium.chrome.ChromeDriver.&lt;init&gt;(ChromeDriver.java:123)
	at Hotel_Dweb.Hotel.SetupApplication(Hotel.java:46)
	at sun.reflect.NativeMethodAccessorImpl.invoke0(Native Method)
	at sun.reflect.NativeMethodAccessorImpl.invoke(NativeMethodAccessorImpl.java:62)
	at sun.reflect.DelegatingMethodAccessorImpl.invoke(DelegatingMethodAccessorImpl.java:43)
	at java.lang.reflect.Method.invoke(Method.java:498)
	at org.testng.internal.MethodInvocationHelper.invokeMethod(MethodInvocationHelper.java:124)
	at org.testng.internal.MethodInvocationHelper.invokeMethodConsideringTimeout(MethodInvocationHelper.java:59)
	at org.testng.internal.Invoker.invokeConfigurationMethod(Invoker.java:458)
	at org.testng.internal.Invoker.invokeConfigurations(Invoker.java:222)
	at org.testng.internal.Invoker.invokeMethod(Invoker.java:523)
	at org.testng.internal.Invoker.invokeTestMethod(Invoker.java:719)
	at org.testng.internal.Invoker.invokeTestMethods(Invoker.java:989)
	at org.testng.internal.TestMethodWorker.invokeTestMethods(TestMethodWorker.java:125)
	at org.testng.internal.TestMethodWorker.run(TestMethodWorker.java:109)
	at org.testng.TestRunner.privateRun(TestRunner.java:648)
	at org.testng.TestRunner.run(TestRunner.java:505)
	at org.testng.SuiteRunner.runTest(SuiteRunner.java:455)
	at org.testng.SuiteRunner.runSequentially(SuiteRunner.java:450)
	at org.testng.SuiteRunner.privateRun(SuiteRunner.java:415)
	at org.testng.SuiteRunner.run(SuiteRunner.java:364)
	at org.testng.SuiteRunnerWorker.runSuite(SuiteRunnerWorker.java:52)
	at org.testng.SuiteRunnerWorker.run(SuiteRunnerWorker.java:84)
	at org.testng.TestNG.runSuitesSequentially(TestNG.java:1208)
	at org.testng.TestNG.runSuitesLocally(TestNG.java:1137)
	at org.testng.TestNG.runSuites(TestNG.java:1049)
	at org.testng.TestNG.run(TestNG.java:1017)
	at org.testng.remote.AbstractRemoteTestNG.run(AbstractRemoteTestNG.java:115)
	at org.testng.remote.RemoteTestNG.initAndRun(RemoteTestNG.java:251)
	at org.testng.remote.RemoteTestNG.main(RemoteTestNG.java:77)
</pre></div><a href='#' onClick='toggleBox("stack-trace443721024", this, "Click to show all stack frames", "Click to hide stack frames")'>Click to show all stack frames</a>
<div class='stack-trace' id='stack-trace443721024'><pre>org.openqa.selenium.SessionNotCreatedException: session not created
from disconnected: received Inspector.detached event
  (Session info: chrome=75.0.3770.80)
Build info: version: &apos;3.8.1&apos;, revision: &apos;6e95a6684b&apos;, time: &apos;2017-12-01T18:33:54.468Z&apos;
System info: host: &apos;DEVENDRAGUPTA&apos;, ip: &apos;192.168.30.122&apos;, os.name: &apos;Windows 10&apos;, os.arch: &apos;amd64&apos;, os.version: &apos;10.0&apos;, java.version: &apos;1.8.0_211&apos;
Driver info: driver.version: ChromeDriver
remote stacktrace: Backtrace:
	Ordinal0 [0x004C7DF3+1474035]
	Ordinal0 [0x004407D1+919505]
	Ordinal0 [0x003DCB43+510787]
	Ordinal0 [0x003D4243+475715]
	Ordinal0 [0x003D3F46+474950]
	Ordinal0 [0x003D3C72+474226]
	Ordinal0 [0x003D3241+471617]
	Ordinal0 [0x003D2DD9+470489]
	Ordinal0 [0x003D2D95+470421]
	Ordinal0 [0x003DB526+505126]
	Ordinal0 [0x003D2D52+470354]
	Ordinal0 [0x003D389F+473247]
	Ordinal0 [0x003D3241+471617]
	Ordinal0 [0x003D2DD9+470489]
	Ordinal0 [0x003D2D95+470421]
	Ordinal0 [0x003D9A31+498225]
	Ordinal0 [0x003D2D52+470354]
	Ordinal0 [0x003D389F+473247]
	Ordinal0 [0x003D3241+471617]
	Ordinal0 [0x003D2DD9+470489]
	Ordinal0 [0x003D2D95+470421]
	Ordinal0 [0x003D7F30+491312]
	Ordinal0 [0x003D2D52+470354]
	Ordinal0 [0x003D389F+473247]
	Ordinal0 [0x003D3241+471617]
	Ordinal0 [0x003D2DD9+470489]
	Ordinal0 [0x003D2D95+470421]
	Ordinal0 [0x003D714F+487759]
	Ordinal0 [0x003D2D52+470354]
	Ordinal0 [0x003D389F+473247]
	Ordinal0 [0x003D3241+471617]
	Ordinal0 [0x003D2DD9+470489]
	Ordinal0 [0x003D2D95+470421]
	Ordinal0 [0x003CF854+456788]
	Ordinal0 [0x003D2D52+470354]
	Ordinal0 [0x003D2BEE+469998]
	Ordinal0 [0x003DD7F0+514032]
	Ordinal0 [0x003915EA+202218]
	Ordinal0 [0x0039069D+198301]
	Ordinal0 [0x0038EECB+192203]
	Ordinal0 [0x00375FF6+90102]
	Ordinal0 [0x0037765A+95834]
	Ordinal0 [0x00377554+95572]
	GetHandleVerifier [0x0062231C+1249612]
	GetHandleVerifier [0x00571575+525221]
	GetHandleVerifier [0x00571310+524608]
	Ordinal0 [0x004D5D28+1531176]
	GetHandleVerifier [0x00571D4A+527226]
	Ordinal0 [0x004575F6+1013238]
	Ordinal0 [0x0045746F+1012847]
	Ordinal0 [0x0046365B+1062491]
	Ordinal0 [0x0046379F+1062815]
	Ordinal0 [0x00462745+1058629]
	BaseThreadInitThunk [0x760F0419+25]
	RtlGetAppContainerNamedObjectPath [0x7747662D+237]
	RtlGetAppContainerNamedObjectPath [0x774765FD+189]

	at sun.reflect.NativeConstructorAccessorImpl.newInstance0(Native Method)
	at sun.reflect.NativeConstructorAccessorImpl.newInstance(NativeConstructorAccessorImpl.java:62)
	at sun.reflect.DelegatingConstructorAccessorImpl.newInstance(DelegatingConstructorAccessorImpl.java:45)
	at java.lang.reflect.Constructor.newInstance(Constructor.java:423)
	at org.openqa.selenium.remote.W3CHandshakeResponse.lambda$new$0(W3CHandshakeResponse.java:57)
	at org.openqa.selenium.remote.W3CHandshakeResponse.lambda$getResponseFunction$2(W3CHandshakeResponse.java:104)
	at org.openqa.selenium.remote.ProtocolHandshake.lambda$createSession$0(ProtocolHandshake.java:123)
	at java.util.stream.ReferencePipeline$3$1.accept(ReferencePipeline.java:193)
	at java.util.Spliterators$ArraySpliterator.tryAdvance(Spliterators.java:958)
	at java.util.stream.ReferencePipeline.forEachWithCancel(ReferencePipeline.java:126)
	at java.util.stream.AbstractPipeline.copyIntoWithCancel(AbstractPipeline.java:498)
	at java.util.stream.AbstractPipeline.copyInto(AbstractPipeline.java:485)
	at java.util.stream.AbstractPipeline.wrapAndCopyInto(AbstractPipeline.java:471)
	at java.util.stream.FindOps$FindOp.evaluateSequential(FindOps.java:152)
	at java.util.stream.AbstractPipeline.evaluate(AbstractPipeline.java:234)
	at java.util.stream.ReferencePipeline.findFirst(ReferencePipeline.java:464)
	at org.openqa.selenium.remote.ProtocolHandshake.createSession(ProtocolHandshake.java:126)
	at org.openqa.selenium.remote.ProtocolHandshake.createSession(ProtocolHandshake.java:73)
	at org.openqa.selenium.remote.HttpCommandExecutor.execute(HttpCommandExecutor.java:142)
	at org.openqa.selenium.remote.service.DriverCommandExecutor.execute(DriverCommandExecutor.java:83)
	at org.openqa.selenium.remote.RemoteWebDriver.execute(RemoteWebDriver.java:601)
	at org.openqa.selenium.remote.RemoteWebDriver.startSession(RemoteWebDriver.java:219)
	at org.openqa.selenium.remote.RemoteWebDriver.&lt;init&gt;(RemoteWebDriver.java:142)
	at org.openqa.selenium.chrome.ChromeDriver.&lt;init&gt;(ChromeDriver.java:181)
	at org.openqa.selenium.chrome.ChromeDriver.&lt;init&gt;(ChromeDriver.java:168)
	at org.openqa.selenium.chrome.ChromeDriver.&lt;init&gt;(ChromeDriver.java:123)
	at Hotel_Dweb.Hotel.SetupApplication(Hotel.java:46)
	at sun.reflect.NativeMethodAccessorImpl.invoke0(Native Method)
	at sun.reflect.NativeMethodAccessorImpl.invoke(NativeMethodAccessorImpl.java:62)
	at sun.reflect.DelegatingMethodAccessorImpl.invoke(DelegatingMethodAccessorImpl.java:43)
	at java.lang.reflect.Method.invoke(Method.java:498)
	at org.testng.internal.MethodInvocationHelper.invokeMethod(MethodInvocationHelper.java:124)
	at org.testng.internal.MethodInvocationHelper.invokeMethodConsideringTimeout(MethodInvocationHelper.java:59)
	at org.testng.internal.Invoker.invokeConfigurationMethod(Invoker.java:458)
	at org.testng.internal.Invoker.invokeConfigurations(Invoker.java:222)
	at org.testng.internal.Invoker.invokeMethod(Invoker.java:523)
	at org.testng.internal.Invoker.invokeTestMethod(Invoker.java:719)
	at org.testng.internal.Invoker.invokeTestMethods(Invoker.java:989)
	at org.testng.internal.TestMethodWorker.invokeTestMethods(TestMethodWorker.java:125)
	at org.testng.internal.TestMethodWorker.run(TestMethodWorker.java:109)
	at org.testng.TestRunner.privateRun(TestRunner.java:648)
	at org.testng.TestRunner.run(TestRunner.java:505)
	at org.testng.SuiteRunner.runTest(SuiteRunner.java:455)
	at org.testng.SuiteRunner.runSequentially(SuiteRunner.java:450)
	at org.testng.SuiteRunner.privateRun(SuiteRunner.java:415)
	at org.testng.SuiteRunner.run(SuiteRunner.java:364)
	at org.testng.SuiteRunnerWorker.runSuite(SuiteRunnerWorker.java:52)
	at org.testng.SuiteRunnerWorker.run(SuiteRunnerWorker.java:84)
	at org.testng.TestNG.runSuitesSequentially(TestNG.java:1208)
	at org.testng.TestNG.runSuitesLocally(TestNG.java:1137)
	at org.testng.TestNG.runSuites(TestNG.java:1049)
	at org.testng.TestNG.run(TestNG.java:1017)
	at org.testng.remote.AbstractRemoteTestNG.run(AbstractRemoteTestNG.java:115)
	at org.testng.remote.RemoteTestNG.initAndRun(RemoteTestNG.java:251)
	at org.testng.remote.RemoteTestNG.main(RemoteTestNG.java:77)
</pre></div></td>
<td>4</td>
<td>Hotel_Dweb.Hotel@2f686d1f</td></tr>
</table><p>
<table width='100%' border='1' class='invocation-skipped'>
<tr><td colspan='4' align='center'><b>SKIPPED CONFIGURATIONS</b></td></tr>
<tr><td><b>Test method</b></td>
<td width="30%"><b>Exception</b></td>
<td width="10%"><b>Time (seconds)</b></td>
<td><b>Instance</b></td>
</tr>
<tr>
<td title='Hotel_Dweb.Hotel.SetupApplication()'><b>SetupApplication</b><br>Test class: Hotel_Dweb.Hotel</td>
<td></td>
<td>0</td>
<td>Hotel_Dweb.Hotel@2f686d1f</td></tr>
<tr>
<td title='Hotel_Dweb.Hotel.sessionclose()'><b>sessionclose</b><br>Test class: Hotel_Dweb.Hotel</td>
<td></td>
<td>0</td>
<td>Hotel_Dweb.Hotel@2f686d1f</td></tr>
<tr>
<td title='Hotel_Dweb.Hotel.sessionclose()'><b>sessionclose</b><br>Test class: Hotel_Dweb.Hotel</td>
<td></td>
<td>0</td>
<td>Hotel_Dweb.Hotel@2f686d1f</td></tr>
</table><p>
<table width='100%' border='1' class='invocation-passed'>
<tr><td colspan='4' align='center'><b>PASSED TESTS</b></td></tr>
<tr><td><b>Test method</b></td>
<td width="30%"><b>Exception</b></td>
<td width="10%"><b>Time (seconds)</b></td>
<td><b>Instance</b></td>
</tr>
<tr>
<td title='Hotel_Dweb.Hotel.main()'><b>main</b><br>Test class: Hotel_Dweb.Hotel<br>Parameters: Delhi<br/>
<a href="#Output-2133655103" onClick='toggleBox("Output-2133655103", this, "Show output", "Hide output");'>Show output</a>

<a href="#Output-2133655103" onClick="toggleAllBoxes();">Show all outputs</a>
<div class='log' id="Output-2133655103">
 ========== TestCase Started on homepage ======<br/>
Hotelicon passed<br/>
Enter the location passed<br/>
Select dropdown passed <br/>
Checkin passed<br/>
Searchbutton passed<br/>
======Test case start on SRP page<br/>
Check all filters on SRP page<br/>
Hotelselection passed<br/>
SelectHotel passed<br/>
======= Assertion check on Review page =======<br/>
Traveller details passed<br/>
Proc_To_Payment passed<br/>
=======Assertion Check start on Payment page=======<br/>
</div>
</td>
<td></td>
<td>55</td>
<td>Hotel_Dweb.Hotel@2f686d1f</td></tr>
<tr>
<td title='Hotel_Dweb.Hotel.main()'><b>main</b><br>Test class: Hotel_Dweb.Hotel<br>Parameters: Amritsar<br/>
<a href="#Output-2024415090" onClick='toggleBox("Output-2024415090", this, "Show output", "Hide output");'>Show output</a>

<a href="#Output-2024415090" onClick="toggleAllBoxes();">Show all outputs</a>
<div class='log' id="Output-2024415090">
 ========== TestCase Started on homepage ======<br/>
Hotelicon passed<br/>
Enter the location passed<br/>
Select dropdown passed <br/>
Checkin passed<br/>
Searchbutton passed<br/>
======Test case start on SRP page<br/>
Check all filters on SRP page<br/>
Hotelselection passed<br/>
SelectHotel passed<br/>
======= Assertion check on Review page =======<br/>
Traveller details passed<br/>
Proc_To_Payment passed<br/>
=======Assertion Check start on Payment page=======<br/>
</div>
</td>
<td></td>
<td>57</td>
<td>Hotel_Dweb.Hotel@2f686d1f</td></tr>
</table><p>
<table width='100%' border='1' class='invocation-skipped'>
<tr><td colspan='4' align='center'><b>SKIPPED TESTS</b></td></tr>
<tr><td><b>Test method</b></td>
<td width="30%"><b>Exception</b></td>
<td width="10%"><b>Time (seconds)</b></td>
<td><b>Instance</b></td>
</tr>
<tr>
<td title='Hotel_Dweb.Hotel.main()'><b>main</b><br>Test class: Hotel_Dweb.Hotel</td>
<td><div><pre>org.openqa.selenium.SessionNotCreatedException: session not created
from disconnected: received Inspector.detached event
  (Session info: chrome=75.0.3770.80)
Build info: version: &apos;3.8.1&apos;, revision: &apos;6e95a6684b&apos;, time: &apos;2017-12-01T18:33:54.468Z&apos;
System info: host: &apos;DEVENDRAGUPTA&apos;, ip: &apos;192.168.30.122&apos;, os.name: &apos;Windows 10&apos;, os.arch: &apos;amd64&apos;, os.version: &apos;10.0&apos;, java.version: &apos;1.8.0_211&apos;
Driver info: driver.version: ChromeDriver
remote stacktrace: Backtrace:
	Ordinal0 [0x004C7DF3+1474035]
	Ordinal0 [0x004407D1+919505]
	Ordinal0 [0x003DCB43+510787]
	Ordinal0 [0x003D4243+475715]
	Ordinal0 [0x003D3F46+474950]
	Ordinal0 [0x003D3C72+474226]
	Ordinal0 [0x003D3241+471617]
	Ordinal0 [0x003D2DD9+470489]
	Ordinal0 [0x003D2D95+470421]
	Ordinal0 [0x003DB526+505126]
	Ordinal0 [0x003D2D52+470354]
	Ordinal0 [0x003D389F+473247]
	Ordinal0 [0x003D3241+471617]
	Ordinal0 [0x003D2DD9+470489]
	Ordinal0 [0x003D2D95+470421]
	Ordinal0 [0x003D9A31+498225]
	Ordinal0 [0x003D2D52+470354]
	Ordinal0 [0x003D389F+473247]
	Ordinal0 [0x003D3241+471617]
	Ordinal0 [0x003D2DD9+470489]
	Ordinal0 [0x003D2D95+470421]
	Ordinal0 [0x003D7F30+491312]
	Ordinal0 [0x003D2D52+470354]
	Ordinal0 [0x003D389F+473247]
	Ordinal0 [0x003D3241+471617]
	Ordinal0 [0x003D2DD9+470489]
	Ordinal0 [0x003D2D95+470421]
	Ordinal0 [0x003D714F+487759]
	Ordinal0 [0x003D2D52+470354]
	Ordinal0 [0x003D389F+473247]
	Ordinal0 [0x003D3241+471617]
	Ordinal0 [0x003D2DD9+470489]
	Ordinal0 [0x003D2D95+470421]
	Ordinal0 [0x003CF854+456788]
	Ordinal0 [0x003D2D52+470354]
	Ordinal0 [0x003D2BEE+469998]
	Ordinal0 [0x003DD7F0+514032]
	Ordinal0 [0x003915EA+202218]
	Ordinal0 [0x0039069D+198301]
	Ordinal0 [0x0038EECB+192203]
	Ordinal0 [0x00375FF6+90102]
	Ordinal0 [0x0037765A+95834]
	Ordinal0 [0x00377554+95572]
	GetHandleVerifier [0x0062231C+1249612]
	GetHandleVerifier [0x00571575+525221]
	GetHandleVerifier [0x00571310+524608]
	Ordinal0 [0x004D5D28+1531176]
	GetHandleVerifier [0x00571D4A+527226]
	Ordinal0 [0x004575F6+1013238]
	Ordinal0 [0x0045746F+1012847]
	Ordinal0 [0x0046365B+1062491]
	Ordinal0 [0x0046379F+1062815]
	Ordinal0 [0x00462745+1058629]
	BaseThreadInitThunk [0x760F0419+25]
	RtlGetAppContainerNamedObjectPath [0x7747662D+237]
	RtlGetAppContainerNamedObjectPath [0x774765FD+189]

	at sun.reflect.NativeConstructorAccessorImpl.newInstance0(Native Method)
	at sun.reflect.NativeConstructorAccessorImpl.newInstance(NativeConstructorAccessorImpl.java:62)
	at sun.reflect.DelegatingConstructorAccessorImpl.newInstance(DelegatingConstructorAccessorImpl.java:45)
	at java.lang.reflect.Constructor.newInstance(Constructor.java:423)
	at org.openqa.selenium.remote.W3CHandshakeResponse.lambda$new$0(W3CHandshakeResponse.java:57)
	at org.openqa.selenium.remote.W3CHandshakeResponse.lambda$getResponseFunction$2(W3CHandshakeResponse.java:104)
	at org.openqa.selenium.remote.ProtocolHandshake.lambda$createSession$0(ProtocolHandshake.java:123)
	at java.util.stream.ReferencePipeline$3$1.accept(ReferencePipeline.java:193)
	at java.util.Spliterators$ArraySpliterator.tryAdvance(Spliterators.java:958)
	at java.util.stream.ReferencePipeline.forEachWithCancel(ReferencePipeline.java:126)
	at java.util.stream.AbstractPipeline.copyIntoWithCancel(AbstractPipeline.java:498)
	at java.util.stream.AbstractPipeline.copyInto(AbstractPipeline.java:485)
	at java.util.stream.AbstractPipeline.wrapAndCopyInto(AbstractPipeline.java:471)
	at java.util.stream.FindOps$FindOp.evaluateSequential(FindOps.java:152)
	at java.util.stream.AbstractPipeline.evaluate(AbstractPipeline.java:234)
	at java.util.stream.ReferencePipeline.findFirst(ReferencePipeline.java:464)
	at org.openqa.selenium.remote.ProtocolHandshake.createSession(ProtocolHandshake.java:126)
	at org.openqa.selenium.remote.ProtocolHandshake.createSession(ProtocolHandshake.java:73)
	at org.openqa.selenium.remote.HttpCommandExecutor.execute(HttpCommandExecutor.java:142)
	at org.openqa.selenium.remote.service.DriverCommandExecutor.execute(DriverCommandExecutor.java:83)
	at org.openqa.selenium.remote.RemoteWebDriver.execute(RemoteWebDriver.java:601)
	at org.openqa.selenium.remote.RemoteWebDriver.startSession(RemoteWebDriver.java:219)
	at org.openqa.selenium.remote.RemoteWebDriver.&lt;init&gt;(RemoteWebDriver.java:142)
	at org.openqa.selenium.chrome.ChromeDriver.&lt;init&gt;(ChromeDriver.java:181)
	at org.openqa.selenium.chrome.ChromeDriver.&lt;init&gt;(ChromeDriver.java:168)
	at org.openqa.selenium.chrome.ChromeDriver.&lt;init&gt;(ChromeDriver.java:123)
	at Hotel_Dweb.Hotel.SetupApplication(Hotel.java:46)
	at sun.reflect.NativeMethodAccessorImpl.invoke0(Native Method)
	at sun.reflect.NativeMethodAccessorImpl.invoke(NativeMethodAccessorImpl.java:62)
	at sun.reflect.DelegatingMethodAccessorImpl.invoke(DelegatingMethodAccessorImpl.java:43)
	at java.lang.reflect.Method.invoke(Method.java:498)
	at org.testng.internal.MethodInvocationHelper.invokeMethod(MethodInvocationHelper.java:124)
	at org.testng.internal.MethodInvocationHelper.invokeMethodConsideringTimeout(MethodInvocationHelper.java:59)
	at org.testng.internal.Invoker.invokeConfigurationMethod(Invoker.java:458)
	at org.testng.internal.Invoker.invokeConfigurations(Invoker.java:222)
	at org.testng.internal.Invoker.invokeMethod(Invoker.java:523)
	at org.testng.internal.Invoker.invokeTestMethod(Invoker.java:719)
	at org.testng.internal.Invoker.invokeTestMethods(Invoker.java:989)
	at org.testng.internal.TestMethodWorker.invokeTestMethods(TestMethodWorker.java:125)
	at org.testng.internal.TestMethodWorker.run(TestMethodWorker.java:109)
	at org.testng.TestRunner.privateRun(TestRunner.java:648)
	at org.testng.TestRunner.run(TestRunner.java:505)
	at org.testng.SuiteRunner.runTest(SuiteRunner.java:455)
	at org.testng.SuiteRunner.runSequentially(SuiteRunner.java:450)
	at org.testng.SuiteRunner.privateRun(SuiteRunner.java:415)
	at org.testng.SuiteRunner.run(SuiteRunner.java:364)
	at org.testng.SuiteRunnerWorker.runSuite(SuiteRunnerWorker.java:52)
	at org.testng.SuiteRunnerWorker.run(SuiteRunnerWorker.java:84)
	at org.testng.TestNG.runSuitesSequentially(TestNG.java:1208)
	at org.testng.TestNG.runSuitesLocally(TestNG.java:1137)
	at org.testng.TestNG.runSuites(TestNG.java:1049)
	at org.testng.TestNG.run(TestNG.java:1017)
	at org.testng.remote.AbstractRemoteTestNG.run(AbstractRemoteTestNG.java:115)
	at org.testng.remote.RemoteTestNG.initAndRun(RemoteTestNG.java:251)
	at org.testng.remote.RemoteTestNG.main(RemoteTestNG.java:77)
</pre></div><a href='#' onClick='toggleBox("stack-trace284686302", this, "Click to show all stack frames", "Click to hide stack frames")'>Click to show all stack frames</a>
<div class='stack-trace' id='stack-trace284686302'><pre>org.openqa.selenium.SessionNotCreatedException: session not created
from disconnected: received Inspector.detached event
  (Session info: chrome=75.0.3770.80)
Build info: version: &apos;3.8.1&apos;, revision: &apos;6e95a6684b&apos;, time: &apos;2017-12-01T18:33:54.468Z&apos;
System info: host: &apos;DEVENDRAGUPTA&apos;, ip: &apos;192.168.30.122&apos;, os.name: &apos;Windows 10&apos;, os.arch: &apos;amd64&apos;, os.version: &apos;10.0&apos;, java.version: &apos;1.8.0_211&apos;
Driver info: driver.version: ChromeDriver
remote stacktrace: Backtrace:
	Ordinal0 [0x004C7DF3+1474035]
	Ordinal0 [0x004407D1+919505]
	Ordinal0 [0x003DCB43+510787]
	Ordinal0 [0x003D4243+475715]
	Ordinal0 [0x003D3F46+474950]
	Ordinal0 [0x003D3C72+474226]
	Ordinal0 [0x003D3241+471617]
	Ordinal0 [0x003D2DD9+470489]
	Ordinal0 [0x003D2D95+470421]
	Ordinal0 [0x003DB526+505126]
	Ordinal0 [0x003D2D52+470354]
	Ordinal0 [0x003D389F+473247]
	Ordinal0 [0x003D3241+471617]
	Ordinal0 [0x003D2DD9+470489]
	Ordinal0 [0x003D2D95+470421]
	Ordinal0 [0x003D9A31+498225]
	Ordinal0 [0x003D2D52+470354]
	Ordinal0 [0x003D389F+473247]
	Ordinal0 [0x003D3241+471617]
	Ordinal0 [0x003D2DD9+470489]
	Ordinal0 [0x003D2D95+470421]
	Ordinal0 [0x003D7F30+491312]
	Ordinal0 [0x003D2D52+470354]
	Ordinal0 [0x003D389F+473247]
	Ordinal0 [0x003D3241+471617]
	Ordinal0 [0x003D2DD9+470489]
	Ordinal0 [0x003D2D95+470421]
	Ordinal0 [0x003D714F+487759]
	Ordinal0 [0x003D2D52+470354]
	Ordinal0 [0x003D389F+473247]
	Ordinal0 [0x003D3241+471617]
	Ordinal0 [0x003D2DD9+470489]
	Ordinal0 [0x003D2D95+470421]
	Ordinal0 [0x003CF854+456788]
	Ordinal0 [0x003D2D52+470354]
	Ordinal0 [0x003D2BEE+469998]
	Ordinal0 [0x003DD7F0+514032]
	Ordinal0 [0x003915EA+202218]
	Ordinal0 [0x0039069D+198301]
	Ordinal0 [0x0038EECB+192203]
	Ordinal0 [0x00375FF6+90102]
	Ordinal0 [0x0037765A+95834]
	Ordinal0 [0x00377554+95572]
	GetHandleVerifier [0x0062231C+1249612]
	GetHandleVerifier [0x00571575+525221]
	GetHandleVerifier [0x00571310+524608]
	Ordinal0 [0x004D5D28+1531176]
	GetHandleVerifier [0x00571D4A+527226]
	Ordinal0 [0x004575F6+1013238]
	Ordinal0 [0x0045746F+1012847]
	Ordinal0 [0x0046365B+1062491]
	Ordinal0 [0x0046379F+1062815]
	Ordinal0 [0x00462745+1058629]
	BaseThreadInitThunk [0x760F0419+25]
	RtlGetAppContainerNamedObjectPath [0x7747662D+237]
	RtlGetAppContainerNamedObjectPath [0x774765FD+189]

	at sun.reflect.NativeConstructorAccessorImpl.newInstance0(Native Method)
	at sun.reflect.NativeConstructorAccessorImpl.newInstance(NativeConstructorAccessorImpl.java:62)
	at sun.reflect.DelegatingConstructorAccessorImpl.newInstance(DelegatingConstructorAccessorImpl.java:45)
	at java.lang.reflect.Constructor.newInstance(Constructor.java:423)
	at org.openqa.selenium.remote.W3CHandshakeResponse.lambda$new$0(W3CHandshakeResponse.java:57)
	at org.openqa.selenium.remote.W3CHandshakeResponse.lambda$getResponseFunction$2(W3CHandshakeResponse.java:104)
	at org.openqa.selenium.remote.ProtocolHandshake.lambda$createSession$0(ProtocolHandshake.java:123)
	at java.util.stream.ReferencePipeline$3$1.accept(ReferencePipeline.java:193)
	at java.util.Spliterators$ArraySpliterator.tryAdvance(Spliterators.java:958)
	at java.util.stream.ReferencePipeline.forEachWithCancel(ReferencePipeline.java:126)
	at java.util.stream.AbstractPipeline.copyIntoWithCancel(AbstractPipeline.java:498)
	at java.util.stream.AbstractPipeline.copyInto(AbstractPipeline.java:485)
	at java.util.stream.AbstractPipeline.wrapAndCopyInto(AbstractPipeline.java:471)
	at java.util.stream.FindOps$FindOp.evaluateSequential(FindOps.java:152)
	at java.util.stream.AbstractPipeline.evaluate(AbstractPipeline.java:234)
	at java.util.stream.ReferencePipeline.findFirst(ReferencePipeline.java:464)
	at org.openqa.selenium.remote.ProtocolHandshake.createSession(ProtocolHandshake.java:126)
	at org.openqa.selenium.remote.ProtocolHandshake.createSession(ProtocolHandshake.java:73)
	at org.openqa.selenium.remote.HttpCommandExecutor.execute(HttpCommandExecutor.java:142)
	at org.openqa.selenium.remote.service.DriverCommandExecutor.execute(DriverCommandExecutor.java:83)
	at org.openqa.selenium.remote.RemoteWebDriver.execute(RemoteWebDriver.java:601)
	at org.openqa.selenium.remote.RemoteWebDriver.startSession(RemoteWebDriver.java:219)
	at org.openqa.selenium.remote.RemoteWebDriver.&lt;init&gt;(RemoteWebDriver.java:142)
	at org.openqa.selenium.chrome.ChromeDriver.&lt;init&gt;(ChromeDriver.java:181)
	at org.openqa.selenium.chrome.ChromeDriver.&lt;init&gt;(ChromeDriver.java:168)
	at org.openqa.selenium.chrome.ChromeDriver.&lt;init&gt;(ChromeDriver.java:123)
	at Hotel_Dweb.Hotel.SetupApplication(Hotel.java:46)
	at sun.reflect.NativeMethodAccessorImpl.invoke0(Native Method)
	at sun.reflect.NativeMethodAccessorImpl.invoke(NativeMethodAccessorImpl.java:62)
	at sun.reflect.DelegatingMethodAccessorImpl.invoke(DelegatingMethodAccessorImpl.java:43)
	at java.lang.reflect.Method.invoke(Method.java:498)
	at org.testng.internal.MethodInvocationHelper.invokeMethod(MethodInvocationHelper.java:124)
	at org.testng.internal.MethodInvocationHelper.invokeMethodConsideringTimeout(MethodInvocationHelper.java:59)
	at org.testng.internal.Invoker.invokeConfigurationMethod(Invoker.java:458)
	at org.testng.internal.Invoker.invokeConfigurations(Invoker.java:222)
	at org.testng.internal.Invoker.invokeMethod(Invoker.java:523)
	at org.testng.internal.Invoker.invokeTestMethod(Invoker.java:719)
	at org.testng.internal.Invoker.invokeTestMethods(Invoker.java:989)
	at org.testng.internal.TestMethodWorker.invokeTestMethods(TestMethodWorker.java:125)
	at org.testng.internal.TestMethodWorker.run(TestMethodWorker.java:109)
	at org.testng.TestRunner.privateRun(TestRunner.java:648)
	at org.testng.TestRunner.run(TestRunner.java:505)
	at org.testng.SuiteRunner.runTest(SuiteRunner.java:455)
	at org.testng.SuiteRunner.runSequentially(SuiteRunner.java:450)
	at org.testng.SuiteRunner.privateRun(SuiteRunner.java:415)
	at org.testng.SuiteRunner.run(SuiteRunner.java:364)
	at org.testng.SuiteRunnerWorker.runSuite(SuiteRunnerWorker.java:52)
	at org.testng.SuiteRunnerWorker.run(SuiteRunnerWorker.java:84)
	at org.testng.TestNG.runSuitesSequentially(TestNG.java:1208)
	at org.testng.TestNG.runSuitesLocally(TestNG.java:1137)
	at org.testng.TestNG.runSuites(TestNG.java:1049)
	at org.testng.TestNG.run(TestNG.java:1017)
	at org.testng.remote.AbstractRemoteTestNG.run(AbstractRemoteTestNG.java:115)
	at org.testng.remote.RemoteTestNG.initAndRun(RemoteTestNG.java:251)
	at org.testng.remote.RemoteTestNG.main(RemoteTestNG.java:77)
</pre></div></td>
<td>0</td>
<td>Hotel_Dweb.Hotel@2f686d1f</td></tr>
<tr>
<td title='Hotel_Dweb.Hotel.main()'><b>main</b><br>Test class: Hotel_Dweb.Hotel</td>
<td><div><pre>org.openqa.selenium.SessionNotCreatedException: session not created
from disconnected: received Inspector.detached event
  (Session info: chrome=75.0.3770.80)
Build info: version: &apos;3.8.1&apos;, revision: &apos;6e95a6684b&apos;, time: &apos;2017-12-01T18:33:54.468Z&apos;
System info: host: &apos;DEVENDRAGUPTA&apos;, ip: &apos;192.168.30.122&apos;, os.name: &apos;Windows 10&apos;, os.arch: &apos;amd64&apos;, os.version: &apos;10.0&apos;, java.version: &apos;1.8.0_211&apos;
Driver info: driver.version: ChromeDriver
remote stacktrace: Backtrace:
	Ordinal0 [0x004C7DF3+1474035]
	Ordinal0 [0x004407D1+919505]
	Ordinal0 [0x003DCB43+510787]
	Ordinal0 [0x003D4243+475715]
	Ordinal0 [0x003D3F46+474950]
	Ordinal0 [0x003D3C72+474226]
	Ordinal0 [0x003D3241+471617]
	Ordinal0 [0x003D2DD9+470489]
	Ordinal0 [0x003D2D95+470421]
	Ordinal0 [0x003DB526+505126]
	Ordinal0 [0x003D2D52+470354]
	Ordinal0 [0x003D389F+473247]
	Ordinal0 [0x003D3241+471617]
	Ordinal0 [0x003D2DD9+470489]
	Ordinal0 [0x003D2D95+470421]
	Ordinal0 [0x003D9A31+498225]
	Ordinal0 [0x003D2D52+470354]
	Ordinal0 [0x003D389F+473247]
	Ordinal0 [0x003D3241+471617]
	Ordinal0 [0x003D2DD9+470489]
	Ordinal0 [0x003D2D95+470421]
	Ordinal0 [0x003D7F30+491312]
	Ordinal0 [0x003D2D52+470354]
	Ordinal0 [0x003D389F+473247]
	Ordinal0 [0x003D3241+471617]
	Ordinal0 [0x003D2DD9+470489]
	Ordinal0 [0x003D2D95+470421]
	Ordinal0 [0x003D714F+487759]
	Ordinal0 [0x003D2D52+470354]
	Ordinal0 [0x003D389F+473247]
	Ordinal0 [0x003D3241+471617]
	Ordinal0 [0x003D2DD9+470489]
	Ordinal0 [0x003D2D95+470421]
	Ordinal0 [0x003CF854+456788]
	Ordinal0 [0x003D2D52+470354]
	Ordinal0 [0x003D2BEE+469998]
	Ordinal0 [0x003DD7F0+514032]
	Ordinal0 [0x003915EA+202218]
	Ordinal0 [0x0039069D+198301]
	Ordinal0 [0x0038EECB+192203]
	Ordinal0 [0x00375FF6+90102]
	Ordinal0 [0x0037765A+95834]
	Ordinal0 [0x00377554+95572]
	GetHandleVerifier [0x0062231C+1249612]
	GetHandleVerifier [0x00571575+525221]
	GetHandleVerifier [0x00571310+524608]
	Ordinal0 [0x004D5D28+1531176]
	GetHandleVerifier [0x00571D4A+527226]
	Ordinal0 [0x004575F6+1013238]
	Ordinal0 [0x0045746F+1012847]
	Ordinal0 [0x0046365B+1062491]
	Ordinal0 [0x0046379F+1062815]
	Ordinal0 [0x00462745+1058629]
	BaseThreadInitThunk [0x760F0419+25]
	RtlGetAppContainerNamedObjectPath [0x7747662D+237]
	RtlGetAppContainerNamedObjectPath [0x774765FD+189]

	at sun.reflect.NativeConstructorAccessorImpl.newInstance0(Native Method)
	at sun.reflect.NativeConstructorAccessorImpl.newInstance(NativeConstructorAccessorImpl.java:62)
	at sun.reflect.DelegatingConstructorAccessorImpl.newInstance(DelegatingConstructorAccessorImpl.java:45)
	at java.lang.reflect.Constructor.newInstance(Constructor.java:423)
	at org.openqa.selenium.remote.W3CHandshakeResponse.lambda$new$0(W3CHandshakeResponse.java:57)
	at org.openqa.selenium.remote.W3CHandshakeResponse.lambda$getResponseFunction$2(W3CHandshakeResponse.java:104)
	at org.openqa.selenium.remote.ProtocolHandshake.lambda$createSession$0(ProtocolHandshake.java:123)
	at java.util.stream.ReferencePipeline$3$1.accept(ReferencePipeline.java:193)
	at java.util.Spliterators$ArraySpliterator.tryAdvance(Spliterators.java:958)
	at java.util.stream.ReferencePipeline.forEachWithCancel(ReferencePipeline.java:126)
	at java.util.stream.AbstractPipeline.copyIntoWithCancel(AbstractPipeline.java:498)
	at java.util.stream.AbstractPipeline.copyInto(AbstractPipeline.java:485)
	at java.util.stream.AbstractPipeline.wrapAndCopyInto(AbstractPipeline.java:471)
	at java.util.stream.FindOps$FindOp.evaluateSequential(FindOps.java:152)
	at java.util.stream.AbstractPipeline.evaluate(AbstractPipeline.java:234)
	at java.util.stream.ReferencePipeline.findFirst(ReferencePipeline.java:464)
	at org.openqa.selenium.remote.ProtocolHandshake.createSession(ProtocolHandshake.java:126)
	at org.openqa.selenium.remote.ProtocolHandshake.createSession(ProtocolHandshake.java:73)
	at org.openqa.selenium.remote.HttpCommandExecutor.execute(HttpCommandExecutor.java:142)
	at org.openqa.selenium.remote.service.DriverCommandExecutor.execute(DriverCommandExecutor.java:83)
	at org.openqa.selenium.remote.RemoteWebDriver.execute(RemoteWebDriver.java:601)
	at org.openqa.selenium.remote.RemoteWebDriver.startSession(RemoteWebDriver.java:219)
	at org.openqa.selenium.remote.RemoteWebDriver.&lt;init&gt;(RemoteWebDriver.java:142)
	at org.openqa.selenium.chrome.ChromeDriver.&lt;init&gt;(ChromeDriver.java:181)
	at org.openqa.selenium.chrome.ChromeDriver.&lt;init&gt;(ChromeDriver.java:168)
	at org.openqa.selenium.chrome.ChromeDriver.&lt;init&gt;(ChromeDriver.java:123)
	at Hotel_Dweb.Hotel.SetupApplication(Hotel.java:46)
	at sun.reflect.NativeMethodAccessorImpl.invoke0(Native Method)
	at sun.reflect.NativeMethodAccessorImpl.invoke(NativeMethodAccessorImpl.java:62)
	at sun.reflect.DelegatingMethodAccessorImpl.invoke(DelegatingMethodAccessorImpl.java:43)
	at java.lang.reflect.Method.invoke(Method.java:498)
	at org.testng.internal.MethodInvocationHelper.invokeMethod(MethodInvocationHelper.java:124)
	at org.testng.internal.MethodInvocationHelper.invokeMethodConsideringTimeout(MethodInvocationHelper.java:59)
	at org.testng.internal.Invoker.invokeConfigurationMethod(Invoker.java:458)
	at org.testng.internal.Invoker.invokeConfigurations(Invoker.java:222)
	at org.testng.internal.Invoker.invokeMethod(Invoker.java:523)
	at org.testng.internal.Invoker.invokeTestMethod(Invoker.java:719)
	at org.testng.internal.Invoker.invokeTestMethods(Invoker.java:989)
	at org.testng.internal.TestMethodWorker.invokeTestMethods(TestMethodWorker.java:125)
	at org.testng.internal.TestMethodWorker.run(TestMethodWorker.java:109)
	at org.testng.TestRunner.privateRun(TestRunner.java:648)
	at org.testng.TestRunner.run(TestRunner.java:505)
	at org.testng.SuiteRunner.runTest(SuiteRunner.java:455)
	at org.testng.SuiteRunner.runSequentially(SuiteRunner.java:450)
	at org.testng.SuiteRunner.privateRun(SuiteRunner.java:415)
	at org.testng.SuiteRunner.run(SuiteRunner.java:364)
	at org.testng.SuiteRunnerWorker.runSuite(SuiteRunnerWorker.java:52)
	at org.testng.SuiteRunnerWorker.run(SuiteRunnerWorker.java:84)
	at org.testng.TestNG.runSuitesSequentially(TestNG.java:1208)
	at org.testng.TestNG.runSuitesLocally(TestNG.java:1137)
	at org.testng.TestNG.runSuites(TestNG.java:1049)
	at org.testng.TestNG.run(TestNG.java:1017)
	at org.testng.remote.AbstractRemoteTestNG.run(AbstractRemoteTestNG.java:115)
	at org.testng.remote.RemoteTestNG.initAndRun(RemoteTestNG.java:251)
	at org.testng.remote.RemoteTestNG.main(RemoteTestNG.java:77)
</pre></div><a href='#' onClick='toggleBox("stack-trace1142347343", this, "Click to show all stack frames", "Click to hide stack frames")'>Click to show all stack frames</a>
<div class='stack-trace' id='stack-trace1142347343'><pre>org.openqa.selenium.SessionNotCreatedException: session not created
from disconnected: received Inspector.detached event
  (Session info: chrome=75.0.3770.80)
Build info: version: &apos;3.8.1&apos;, revision: &apos;6e95a6684b&apos;, time: &apos;2017-12-01T18:33:54.468Z&apos;
System info: host: &apos;DEVENDRAGUPTA&apos;, ip: &apos;192.168.30.122&apos;, os.name: &apos;Windows 10&apos;, os.arch: &apos;amd64&apos;, os.version: &apos;10.0&apos;, java.version: &apos;1.8.0_211&apos;
Driver info: driver.version: ChromeDriver
remote stacktrace: Backtrace:
	Ordinal0 [0x004C7DF3+1474035]
	Ordinal0 [0x004407D1+919505]
	Ordinal0 [0x003DCB43+510787]
	Ordinal0 [0x003D4243+475715]
	Ordinal0 [0x003D3F46+474950]
	Ordinal0 [0x003D3C72+474226]
	Ordinal0 [0x003D3241+471617]
	Ordinal0 [0x003D2DD9+470489]
	Ordinal0 [0x003D2D95+470421]
	Ordinal0 [0x003DB526+505126]
	Ordinal0 [0x003D2D52+470354]
	Ordinal0 [0x003D389F+473247]
	Ordinal0 [0x003D3241+471617]
	Ordinal0 [0x003D2DD9+470489]
	Ordinal0 [0x003D2D95+470421]
	Ordinal0 [0x003D9A31+498225]
	Ordinal0 [0x003D2D52+470354]
	Ordinal0 [0x003D389F+473247]
	Ordinal0 [0x003D3241+471617]
	Ordinal0 [0x003D2DD9+470489]
	Ordinal0 [0x003D2D95+470421]
	Ordinal0 [0x003D7F30+491312]
	Ordinal0 [0x003D2D52+470354]
	Ordinal0 [0x003D389F+473247]
	Ordinal0 [0x003D3241+471617]
	Ordinal0 [0x003D2DD9+470489]
	Ordinal0 [0x003D2D95+470421]
	Ordinal0 [0x003D714F+487759]
	Ordinal0 [0x003D2D52+470354]
	Ordinal0 [0x003D389F+473247]
	Ordinal0 [0x003D3241+471617]
	Ordinal0 [0x003D2DD9+470489]
	Ordinal0 [0x003D2D95+470421]
	Ordinal0 [0x003CF854+456788]
	Ordinal0 [0x003D2D52+470354]
	Ordinal0 [0x003D2BEE+469998]
	Ordinal0 [0x003DD7F0+514032]
	Ordinal0 [0x003915EA+202218]
	Ordinal0 [0x0039069D+198301]
	Ordinal0 [0x0038EECB+192203]
	Ordinal0 [0x00375FF6+90102]
	Ordinal0 [0x0037765A+95834]
	Ordinal0 [0x00377554+95572]
	GetHandleVerifier [0x0062231C+1249612]
	GetHandleVerifier [0x00571575+525221]
	GetHandleVerifier [0x00571310+524608]
	Ordinal0 [0x004D5D28+1531176]
	GetHandleVerifier [0x00571D4A+527226]
	Ordinal0 [0x004575F6+1013238]
	Ordinal0 [0x0045746F+1012847]
	Ordinal0 [0x0046365B+1062491]
	Ordinal0 [0x0046379F+1062815]
	Ordinal0 [0x00462745+1058629]
	BaseThreadInitThunk [0x760F0419+25]
	RtlGetAppContainerNamedObjectPath [0x7747662D+237]
	RtlGetAppContainerNamedObjectPath [0x774765FD+189]

	at sun.reflect.NativeConstructorAccessorImpl.newInstance0(Native Method)
	at sun.reflect.NativeConstructorAccessorImpl.newInstance(NativeConstructorAccessorImpl.java:62)
	at sun.reflect.DelegatingConstructorAccessorImpl.newInstance(DelegatingConstructorAccessorImpl.java:45)
	at java.lang.reflect.Constructor.newInstance(Constructor.java:423)
	at org.openqa.selenium.remote.W3CHandshakeResponse.lambda$new$0(W3CHandshakeResponse.java:57)
	at org.openqa.selenium.remote.W3CHandshakeResponse.lambda$getResponseFunction$2(W3CHandshakeResponse.java:104)
	at org.openqa.selenium.remote.ProtocolHandshake.lambda$createSession$0(ProtocolHandshake.java:123)
	at java.util.stream.ReferencePipeline$3$1.accept(ReferencePipeline.java:193)
	at java.util.Spliterators$ArraySpliterator.tryAdvance(Spliterators.java:958)
	at java.util.stream.ReferencePipeline.forEachWithCancel(ReferencePipeline.java:126)
	at java.util.stream.AbstractPipeline.copyIntoWithCancel(AbstractPipeline.java:498)
	at java.util.stream.AbstractPipeline.copyInto(AbstractPipeline.java:485)
	at java.util.stream.AbstractPipeline.wrapAndCopyInto(AbstractPipeline.java:471)
	at java.util.stream.FindOps$FindOp.evaluateSequential(FindOps.java:152)
	at java.util.stream.AbstractPipeline.evaluate(AbstractPipeline.java:234)
	at java.util.stream.ReferencePipeline.findFirst(ReferencePipeline.java:464)
	at org.openqa.selenium.remote.ProtocolHandshake.createSession(ProtocolHandshake.java:126)
	at org.openqa.selenium.remote.ProtocolHandshake.createSession(ProtocolHandshake.java:73)
	at org.openqa.selenium.remote.HttpCommandExecutor.execute(HttpCommandExecutor.java:142)
	at org.openqa.selenium.remote.service.DriverCommandExecutor.execute(DriverCommandExecutor.java:83)
	at org.openqa.selenium.remote.RemoteWebDriver.execute(RemoteWebDriver.java:601)
	at org.openqa.selenium.remote.RemoteWebDriver.startSession(RemoteWebDriver.java:219)
	at org.openqa.selenium.remote.RemoteWebDriver.&lt;init&gt;(RemoteWebDriver.java:142)
	at org.openqa.selenium.chrome.ChromeDriver.&lt;init&gt;(ChromeDriver.java:181)
	at org.openqa.selenium.chrome.ChromeDriver.&lt;init&gt;(ChromeDriver.java:168)
	at org.openqa.selenium.chrome.ChromeDriver.&lt;init&gt;(ChromeDriver.java:123)
	at Hotel_Dweb.Hotel.SetupApplication(Hotel.java:46)
	at sun.reflect.NativeMethodAccessorImpl.invoke0(Native Method)
	at sun.reflect.NativeMethodAccessorImpl.invoke(NativeMethodAccessorImpl.java:62)
	at sun.reflect.DelegatingMethodAccessorImpl.invoke(DelegatingMethodAccessorImpl.java:43)
	at java.lang.reflect.Method.invoke(Method.java:498)
	at org.testng.internal.MethodInvocationHelper.invokeMethod(MethodInvocationHelper.java:124)
	at org.testng.internal.MethodInvocationHelper.invokeMethodConsideringTimeout(MethodInvocationHelper.java:59)
	at org.testng.internal.Invoker.invokeConfigurationMethod(Invoker.java:458)
	at org.testng.internal.Invoker.invokeConfigurations(Invoker.java:222)
	at org.testng.internal.Invoker.invokeMethod(Invoker.java:523)
	at org.testng.internal.Invoker.invokeTestMethod(Invoker.java:719)
	at org.testng.internal.Invoker.invokeTestMethods(Invoker.java:989)
	at org.testng.internal.TestMethodWorker.invokeTestMethods(TestMethodWorker.java:125)
	at org.testng.internal.TestMethodWorker.run(TestMethodWorker.java:109)
	at org.testng.TestRunner.privateRun(TestRunner.java:648)
	at org.testng.TestRunner.run(TestRunner.java:505)
	at org.testng.SuiteRunner.runTest(SuiteRunner.java:455)
	at org.testng.SuiteRunner.runSequentially(SuiteRunner.java:450)
	at org.testng.SuiteRunner.privateRun(SuiteRunner.java:415)
	at org.testng.SuiteRunner.run(SuiteRunner.java:364)
	at org.testng.SuiteRunnerWorker.runSuite(SuiteRunnerWorker.java:52)
	at org.testng.SuiteRunnerWorker.run(SuiteRunnerWorker.java:84)
	at org.testng.TestNG.runSuitesSequentially(TestNG.java:1208)
	at org.testng.TestNG.runSuitesLocally(TestNG.java:1137)
	at org.testng.TestNG.runSuites(TestNG.java:1049)
	at org.testng.TestNG.run(TestNG.java:1017)
	at org.testng.remote.AbstractRemoteTestNG.run(AbstractRemoteTestNG.java:115)
	at org.testng.remote.RemoteTestNG.initAndRun(RemoteTestNG.java:251)
	at org.testng.remote.RemoteTestNG.main(RemoteTestNG.java:77)
</pre></div></td>
<td>0</td>
<td>Hotel_Dweb.Hotel@2f686d1f</td></tr>
</table><p>
</body>
</html>