<!DOCTYPE html PUBLIC "-//W3C//DTD XHTML 1.1//EN" "http://www.w3.org/TR/xhtml11/DTD/xhtml11.dtd">
<html xmlns="http://www.w3.org/1999/xhtml">
<head>
<meta http-equiv="content-type" content="text/html; charset=UTF-8"/>
<title>TestNG Report</title>
<style type="text/css">table {margin-bottom:10px;border-collapse:collapse;empty-cells:show}th,td {border:1px solid #009;padding:.25em .5em}th {vertical-align:bottom}td {vertical-align:top}table a {font-weight:bold}.stripe td {background-color: #E6EBF9}.num {text-align:right}.passedodd td {background-color: #3F3}.passedeven td {background-color: #0A0}.skippedodd td {background-color: #DDD}.skippedeven td {background-color: #CCC}.failedodd td,.attn {background-color: #F33}.failedeven td,.stripe .attn {background-color: #D00}.stacktrace {white-space:pre;font-family:monospace}.totop {font-size:85%;text-align:center;border-bottom:2px solid #000}.invisible {display:none}</style>
</head>
<body>
<table>
<tr><th>Test</th><th># Passed</th><th># Skipped</th><th># Failed</th><th>Time (ms)</th><th>Included Groups</th><th>Excluded Groups</th></tr>
<tr><th colspan="7">Default suite</th></tr>
<tr><td><a href="#t0">Default test</a></td><td class="num">2</td><td class="num attn">2</td><td class="num">0</td><td class="num">178,284</td><td></td><td></td></tr>
</table>
<table id='summary'><thead><tr><th>Class</th><th>Method</th><th>Start</th><th>Time (ms)</th></tr></thead><tbody><tr><th colspan="4">Default suite</th></tr></tbody><tbody id="t0"><tr><th colspan="4">Default test &#8212; failed (configuration methods)</th></tr><tr class="failedeven"><td rowspan="1">Hotel_Dweb.Hotel</td><td><a href="#m0">SetupApplication</a></td><td rowspan="1">1594027129136</td><td rowspan="1">4888</td></tr><tr><th colspan="4">Default test &#8212; skipped (configuration methods)</th></tr><tr class="skippedeven"><td rowspan="3">Hotel_Dweb.Hotel</td><td><a href="#m1">SetupApplication</a></td><td rowspan="1">1594027134048</td><td rowspan="1">0</td></tr><tr class="skippedeven"><td><a href="#m2">sessionclose</a></td><td rowspan="2">1594027134057</td><td rowspan="2">0</td></tr><tr class="skippedeven"><td><a href="#m3">sessionclose</a></td></tr><tr><th colspan="4">Default test &#8212; skipped</th></tr><tr class="skippedeven"><td rowspan="2">Hotel_Dweb.Hotel</td><td><a href="#m4">main</a></td><td rowspan="2">1594027134037</td><td rowspan="2">0</td></tr><tr class="skippedeven"><td><a href="#m5">main</a></td></tr><tr><th colspan="4">Default test &#8212; passed</th></tr><tr class="passedeven"><td rowspan="2">Hotel_Dweb.Hotel</td><td><a href="#m6">main</a></td><td rowspan="2">1594026985968</td><td rowspan="2">55548</td></tr><tr class="passedeven"><td><a href="#m7">main</a></td></tr></tbody>
</table>
<h2>Default test</h2><h3 id="m0">Hotel_Dweb.Hotel#SetupApplication</h3><table class="result"><tr><th>Messages</th></tr><tr><td><div class="messages">========= Browser Seesion Started=======</div></td></tr><tr><th>Exception</th></tr><tr><td><div class="stacktrace">org.openqa.selenium.SessionNotCreatedException: session not created
from disconnected: received Inspector.detached event
  (Session info: chrome=75.0.3770.80)
Build info: version: &apos;3.8.1&apos;, revision: &apos;6e95a6684b&apos;, time: &apos;2017-12-01T18:33:54.468Z&apos;
System info: host: &apos;DEVENDRAGUPTA&apos;, ip: &apos;192.168.30.122&apos;, os.name: &apos;Windows 10&apos;, os.arch: &apos;amd64&apos;, os.version: &apos;10.0&apos;, java.version: &apos;1.8.0_211&apos;
Driver info: driver.version: ChromeDriver
remote stacktrace: Backtrace:
	Ordinal0 [0x004C7DF3+1474035]
	Ordinal0 [0x004407D1+919505]
	Ordinal0 [0x003DCB43+510787]
	Ordinal0 [0x003D4243+475715]
	Ordinal0 [0x003D3F46+474950]
	Ordinal0 [0x003D3C72+474226]
	Ordinal0 [0x003D3241+471617]
	Ordinal0 [0x003D2DD9+470489]
	Ordinal0 [0x003D2D95+470421]
	Ordinal0 [0x003DB526+505126]
	Ordinal0 [0x003D2D52+470354]
	Ordinal0 [0x003D389F+473247]
	Ordinal0 [0x003D3241+471617]
	Ordinal0 [0x003D2DD9+470489]
	Ordinal0 [0x003D2D95+470421]
	Ordinal0 [0x003D9A31+498225]
	Ordinal0 [0x003D2D52+470354]
	Ordinal0 [0x003D389F+473247]
	Ordinal0 [0x003D3241+471617]
	Ordinal0 [0x003D2DD9+470489]
	Ordinal0 [0x003D2D95+470421]
	Ordinal0 [0x003D7F30+491312]
	Ordinal0 [0x003D2D52+470354]
	Ordinal0 [0x003D389F+473247]
	Ordinal0 [0x003D3241+471617]
	Ordinal0 [0x003D2DD9+470489]
	Ordinal0 [0x003D2D95+470421]
	Ordinal0 [0x003D714F+487759]
	Ordinal0 [0x003D2D52+470354]
	Ordinal0 [0x003D389F+473247]
	Ordinal0 [0x003D3241+471617]
	Ordinal0 [0x003D2DD9+470489]
	Ordinal0 [0x003D2D95+470421]
	Ordinal0 [0x003CF854+456788]
	Ordinal0 [0x003D2D52+470354]
	Ordinal0 [0x003D2BEE+469998]
	Ordinal0 [0x003DD7F0+514032]
	Ordinal0 [0x003915EA+202218]
	Ordinal0 [0x0039069D+198301]
	Ordinal0 [0x0038EECB+192203]
	Ordinal0 [0x00375FF6+90102]
	Ordinal0 [0x0037765A+95834]
	Ordinal0 [0x00377554+95572]
	GetHandleVerifier [0x0062231C+1249612]
	GetHandleVerifier [0x00571575+525221]
	GetHandleVerifier [0x00571310+524608]
	Ordinal0 [0x004D5D28+1531176]
	GetHandleVerifier [0x00571D4A+527226]
	Ordinal0 [0x004575F6+1013238]
	Ordinal0 [0x0045746F+1012847]
	Ordinal0 [0x0046365B+1062491]
	Ordinal0 [0x0046379F+1062815]
	Ordinal0 [0x00462745+1058629]
	BaseThreadInitThunk [0x760F0419+25]
	RtlGetAppContainerNamedObjectPath [0x7747662D+237]
	RtlGetAppContainerNamedObjectPath [0x774765FD+189]

	at sun.reflect.NativeConstructorAccessorImpl.newInstance0(Native Method)
	at sun.reflect.NativeConstructorAccessorImpl.newInstance(NativeConstructorAccessorImpl.java:62)
	at sun.reflect.DelegatingConstructorAccessorImpl.newInstance(DelegatingConstructorAccessorImpl.java:45)
	at java.lang.reflect.Constructor.newInstance(Constructor.java:423)
	at org.openqa.selenium.remote.W3CHandshakeResponse.lambda$new$0(W3CHandshakeResponse.java:57)
	at org.openqa.selenium.remote.W3CHandshakeResponse.lambda$getResponseFunction$2(W3CHandshakeResponse.java:104)
	at org.openqa.selenium.remote.ProtocolHandshake.lambda$createSession$0(ProtocolHandshake.java:123)
	at java.util.stream.ReferencePipeline$3$1.accept(ReferencePipeline.java:193)
	at java.util.Spliterators$ArraySpliterator.tryAdvance(Spliterators.java:958)
	at java.util.stream.ReferencePipeline.forEachWithCancel(ReferencePipeline.java:126)
	at java.util.stream.AbstractPipeline.copyIntoWithCancel(AbstractPipeline.java:498)
	at java.util.stream.AbstractPipeline.copyInto(AbstractPipeline.java:485)
	at java.util.stream.AbstractPipeline.wrapAndCopyInto(AbstractPipeline.java:471)
	at java.util.stream.FindOps$FindOp.evaluateSequential(FindOps.java:152)
	at java.util.stream.AbstractPipeline.evaluate(AbstractPipeline.java:234)
	at java.util.stream.ReferencePipeline.findFirst(ReferencePipeline.java:464)
	at org.openqa.selenium.remote.ProtocolHandshake.createSession(ProtocolHandshake.java:126)
	at org.openqa.selenium.remote.ProtocolHandshake.createSession(ProtocolHandshake.java:73)
	at org.openqa.selenium.remote.HttpCommandExecutor.execute(HttpCommandExecutor.java:142)
	at org.openqa.selenium.remote.service.DriverCommandExecutor.execute(DriverCommandExecutor.java:83)
	at org.openqa.selenium.remote.RemoteWebDriver.execute(RemoteWebDriver.java:601)
	at org.openqa.selenium.remote.RemoteWebDriver.startSession(RemoteWebDriver.java:219)
	at org.openqa.selenium.remote.RemoteWebDriver.&lt;init&gt;(RemoteWebDriver.java:142)
	at org.openqa.selenium.chrome.ChromeDriver.&lt;init&gt;(ChromeDriver.java:181)
	at org.openqa.selenium.chrome.ChromeDriver.&lt;init&gt;(ChromeDriver.java:168)
	at org.openqa.selenium.chrome.ChromeDriver.&lt;init&gt;(ChromeDriver.java:123)
	at Hotel_Dweb.Hotel.SetupApplication(Hotel.java:46)
	at sun.reflect.NativeMethodAccessorImpl.invoke0(Native Method)
	at sun.reflect.NativeMethodAccessorImpl.invoke(NativeMethodAccessorImpl.java:62)
	at sun.reflect.DelegatingMethodAccessorImpl.invoke(DelegatingMethodAccessorImpl.java:43)
	at java.lang.reflect.Method.invoke(Method.java:498)
	at org.testng.internal.MethodInvocationHelper.invokeMethod(MethodInvocationHelper.java:124)
	at org.testng.internal.MethodInvocationHelper.invokeMethodConsideringTimeout(MethodInvocationHelper.java:59)
	at org.testng.internal.Invoker.invokeConfigurationMethod(Invoker.java:458)
	at org.testng.internal.Invoker.invokeConfigurations(Invoker.java:222)
	at org.testng.internal.Invoker.invokeMethod(Invoker.java:523)
	at org.testng.internal.Invoker.invokeTestMethod(Invoker.java:719)
	at org.testng.internal.Invoker.invokeTestMethods(Invoker.java:989)
	at org.testng.internal.TestMethodWorker.invokeTestMethods(TestMethodWorker.java:125)
	at org.testng.internal.TestMethodWorker.run(TestMethodWorker.java:109)
	at org.testng.TestRunner.privateRun(TestRunner.java:648)
	at org.testng.TestRunner.run(TestRunner.java:505)
	at org.testng.SuiteRunner.runTest(SuiteRunner.java:455)
	at org.testng.SuiteRunner.runSequentially(SuiteRunner.java:450)
	at org.testng.SuiteRunner.privateRun(SuiteRunner.java:415)
	at org.testng.SuiteRunner.run(SuiteRunner.java:364)
	at org.testng.SuiteRunnerWorker.runSuite(SuiteRunnerWorker.java:52)
	at org.testng.SuiteRunnerWorker.run(SuiteRunnerWorker.java:84)
	at org.testng.TestNG.runSuitesSequentially(TestNG.java:1208)
	at org.testng.TestNG.runSuitesLocally(TestNG.java:1137)
	at org.testng.TestNG.runSuites(TestNG.java:1049)
	at org.testng.TestNG.run(TestNG.java:1017)
	at org.testng.remote.AbstractRemoteTestNG.run(AbstractRemoteTestNG.java:115)
	at org.testng.remote.RemoteTestNG.initAndRun(RemoteTestNG.java:251)
	at org.testng.remote.RemoteTestNG.main(RemoteTestNG.java:77)
</div></td></tr></table><p class="totop"><a href="#summary">back to summary</a></p>
<h3 id="m1">Hotel_Dweb.Hotel#SetupApplication</h3><table class="result"><tr><th class="invisible"/></tr></table><p class="totop"><a href="#summary">back to summary</a></p>
<h3 id="m2">Hotel_Dweb.Hotel#sessionclose</h3><table class="result"><tr><th class="invisible"/></tr></table><p class="totop"><a href="#summary">back to summary</a></p>
<h3 id="m3">Hotel_Dweb.Hotel#sessionclose</h3><table class="result"><tr><th class="invisible"/></tr></table><p class="totop"><a href="#summary">back to summary</a></p>
<h3 id="m4">Hotel_Dweb.Hotel#main</h3><table class="result"><tr><th>Exception</th></tr><tr><td><div class="stacktrace">org.openqa.selenium.SessionNotCreatedException: session not created
from disconnected: received Inspector.detached event
  (Session info: chrome=75.0.3770.80)
Build info: version: &apos;3.8.1&apos;, revision: &apos;6e95a6684b&apos;, time: &apos;2017-12-01T18:33:54.468Z&apos;
System info: host: &apos;DEVENDRAGUPTA&apos;, ip: &apos;192.168.30.122&apos;, os.name: &apos;Windows 10&apos;, os.arch: &apos;amd64&apos;, os.version: &apos;10.0&apos;, java.version: &apos;1.8.0_211&apos;
Driver info: driver.version: ChromeDriver
remote stacktrace: Backtrace:
	Ordinal0 [0x004C7DF3+1474035]
	Ordinal0 [0x004407D1+919505]
	Ordinal0 [0x003DCB43+510787]
	Ordinal0 [0x003D4243+475715]
	Ordinal0 [0x003D3F46+474950]
	Ordinal0 [0x003D3C72+474226]
	Ordinal0 [0x003D3241+471617]
	Ordinal0 [0x003D2DD9+470489]
	Ordinal0 [0x003D2D95+470421]
	Ordinal0 [0x003DB526+505126]
	Ordinal0 [0x003D2D52+470354]
	Ordinal0 [0x003D389F+473247]
	Ordinal0 [0x003D3241+471617]
	Ordinal0 [0x003D2DD9+470489]
	Ordinal0 [0x003D2D95+470421]
	Ordinal0 [0x003D9A31+498225]
	Ordinal0 [0x003D2D52+470354]
	Ordinal0 [0x003D389F+473247]
	Ordinal0 [0x003D3241+471617]
	Ordinal0 [0x003D2DD9+470489]
	Ordinal0 [0x003D2D95+470421]
	Ordinal0 [0x003D7F30+491312]
	Ordinal0 [0x003D2D52+470354]
	Ordinal0 [0x003D389F+473247]
	Ordinal0 [0x003D3241+471617]
	Ordinal0 [0x003D2DD9+470489]
	Ordinal0 [0x003D2D95+470421]
	Ordinal0 [0x003D714F+487759]
	Ordinal0 [0x003D2D52+470354]
	Ordinal0 [0x003D389F+473247]
	Ordinal0 [0x003D3241+471617]
	Ordinal0 [0x003D2DD9+470489]
	Ordinal0 [0x003D2D95+470421]
	Ordinal0 [0x003CF854+456788]
	Ordinal0 [0x003D2D52+470354]
	Ordinal0 [0x003D2BEE+469998]
	Ordinal0 [0x003DD7F0+514032]
	Ordinal0 [0x003915EA+202218]
	Ordinal0 [0x0039069D+198301]
	Ordinal0 [0x0038EECB+192203]
	Ordinal0 [0x00375FF6+90102]
	Ordinal0 [0x0037765A+95834]
	Ordinal0 [0x00377554+95572]
	GetHandleVerifier [0x0062231C+1249612]
	GetHandleVerifier [0x00571575+525221]
	GetHandleVerifier [0x00571310+524608]
	Ordinal0 [0x004D5D28+1531176]
	GetHandleVerifier [0x00571D4A+527226]
	Ordinal0 [0x004575F6+1013238]
	Ordinal0 [0x0045746F+1012847]
	Ordinal0 [0x0046365B+1062491]
	Ordinal0 [0x0046379F+1062815]
	Ordinal0 [0x00462745+1058629]
	BaseThreadInitThunk [0x760F0419+25]
	RtlGetAppContainerNamedObjectPath [0x7747662D+237]
	RtlGetAppContainerNamedObjectPath [0x774765FD+189]

	at sun.reflect.NativeConstructorAccessorImpl.newInstance0(Native Method)
	at sun.reflect.NativeConstructorAccessorImpl.newInstance(NativeConstructorAccessorImpl.java:62)
	at sun.reflect.DelegatingConstructorAccessorImpl.newInstance(DelegatingConstructorAccessorImpl.java:45)
	at java.lang.reflect.Constructor.newInstance(Constructor.java:423)
	at org.openqa.selenium.remote.W3CHandshakeResponse.lambda$new$0(W3CHandshakeResponse.java:57)
	at org.openqa.selenium.remote.W3CHandshakeResponse.lambda$getResponseFunction$2(W3CHandshakeResponse.java:104)
	at org.openqa.selenium.remote.ProtocolHandshake.lambda$createSession$0(ProtocolHandshake.java:123)
	at java.util.stream.ReferencePipeline$3$1.accept(ReferencePipeline.java:193)
	at java.util.Spliterators$ArraySpliterator.tryAdvance(Spliterators.java:958)
	at java.util.stream.ReferencePipeline.forEachWithCancel(ReferencePipeline.java:126)
	at java.util.stream.AbstractPipeline.copyIntoWithCancel(AbstractPipeline.java:498)
	at java.util.stream.AbstractPipeline.copyInto(AbstractPipeline.java:485)
	at java.util.stream.AbstractPipeline.wrapAndCopyInto(AbstractPipeline.java:471)
	at java.util.stream.FindOps$FindOp.evaluateSequential(FindOps.java:152)
	at java.util.stream.AbstractPipeline.evaluate(AbstractPipeline.java:234)
	at java.util.stream.ReferencePipeline.findFirst(ReferencePipeline.java:464)
	at org.openqa.selenium.remote.ProtocolHandshake.createSession(ProtocolHandshake.java:126)
	at org.openqa.selenium.remote.ProtocolHandshake.createSession(ProtocolHandshake.java:73)
	at org.openqa.selenium.remote.HttpCommandExecutor.execute(HttpCommandExecutor.java:142)
	at org.openqa.selenium.remote.service.DriverCommandExecutor.execute(DriverCommandExecutor.java:83)
	at org.openqa.selenium.remote.RemoteWebDriver.execute(RemoteWebDriver.java:601)
	at org.openqa.selenium.remote.RemoteWebDriver.startSession(RemoteWebDriver.java:219)
	at org.openqa.selenium.remote.RemoteWebDriver.&lt;init&gt;(RemoteWebDriver.java:142)
	at org.openqa.selenium.chrome.ChromeDriver.&lt;init&gt;(ChromeDriver.java:181)
	at org.openqa.selenium.chrome.ChromeDriver.&lt;init&gt;(ChromeDriver.java:168)
	at org.openqa.selenium.chrome.ChromeDriver.&lt;init&gt;(ChromeDriver.java:123)
	at Hotel_Dweb.Hotel.SetupApplication(Hotel.java:46)
	at sun.reflect.NativeMethodAccessorImpl.invoke0(Native Method)
	at sun.reflect.NativeMethodAccessorImpl.invoke(NativeMethodAccessorImpl.java:62)
	at sun.reflect.DelegatingMethodAccessorImpl.invoke(DelegatingMethodAccessorImpl.java:43)
	at java.lang.reflect.Method.invoke(Method.java:498)
	at org.testng.internal.MethodInvocationHelper.invokeMethod(MethodInvocationHelper.java:124)
	at org.testng.internal.MethodInvocationHelper.invokeMethodConsideringTimeout(MethodInvocationHelper.java:59)
	at org.testng.internal.Invoker.invokeConfigurationMethod(Invoker.java:458)
	at org.testng.internal.Invoker.invokeConfigurations(Invoker.java:222)
	at org.testng.internal.Invoker.invokeMethod(Invoker.java:523)
	at org.testng.internal.Invoker.invokeTestMethod(Invoker.java:719)
	at org.testng.internal.Invoker.invokeTestMethods(Invoker.java:989)
	at org.testng.internal.TestMethodWorker.invokeTestMethods(TestMethodWorker.java:125)
	at org.testng.internal.TestMethodWorker.run(TestMethodWorker.java:109)
	at org.testng.TestRunner.privateRun(TestRunner.java:648)
	at org.testng.TestRunner.run(TestRunner.java:505)
	at org.testng.SuiteRunner.runTest(SuiteRunner.java:455)
	at org.testng.SuiteRunner.runSequentially(SuiteRunner.java:450)
	at org.testng.SuiteRunner.privateRun(SuiteRunner.java:415)
	at org.testng.SuiteRunner.run(SuiteRunner.java:364)
	at org.testng.SuiteRunnerWorker.runSuite(SuiteRunnerWorker.java:52)
	at org.testng.SuiteRunnerWorker.run(SuiteRunnerWorker.java:84)
	at org.testng.TestNG.runSuitesSequentially(TestNG.java:1208)
	at org.testng.TestNG.runSuitesLocally(TestNG.java:1137)
	at org.testng.TestNG.runSuites(TestNG.java:1049)
	at org.testng.TestNG.run(TestNG.java:1017)
	at org.testng.remote.AbstractRemoteTestNG.run(AbstractRemoteTestNG.java:115)
	at org.testng.remote.RemoteTestNG.initAndRun(RemoteTestNG.java:251)
	at org.testng.remote.RemoteTestNG.main(RemoteTestNG.java:77)
</div></td></tr></table><p class="totop"><a href="#summary">back to summary</a></p>
<h3 id="m5">Hotel_Dweb.Hotel#main</h3><table class="result"><tr><th>Exception</th></tr><tr><td><div class="stacktrace">org.openqa.selenium.SessionNotCreatedException: session not created
from disconnected: received Inspector.detached event
  (Session info: chrome=75.0.3770.80)
Build info: version: &apos;3.8.1&apos;, revision: &apos;6e95a6684b&apos;, time: &apos;2017-12-01T18:33:54.468Z&apos;
System info: host: &apos;DEVENDRAGUPTA&apos;, ip: &apos;192.168.30.122&apos;, os.name: &apos;Windows 10&apos;, os.arch: &apos;amd64&apos;, os.version: &apos;10.0&apos;, java.version: &apos;1.8.0_211&apos;
Driver info: driver.version: ChromeDriver
remote stacktrace: Backtrace:
	Ordinal0 [0x004C7DF3+1474035]
	Ordinal0 [0x004407D1+919505]
	Ordinal0 [0x003DCB43+510787]
	Ordinal0 [0x003D4243+475715]
	Ordinal0 [0x003D3F46+474950]
	Ordinal0 [0x003D3C72+474226]
	Ordinal0 [0x003D3241+471617]
	Ordinal0 [0x003D2DD9+470489]
	Ordinal0 [0x003D2D95+470421]
	Ordinal0 [0x003DB526+505126]
	Ordinal0 [0x003D2D52+470354]
	Ordinal0 [0x003D389F+473247]
	Ordinal0 [0x003D3241+471617]
	Ordinal0 [0x003D2DD9+470489]
	Ordinal0 [0x003D2D95+470421]
	Ordinal0 [0x003D9A31+498225]
	Ordinal0 [0x003D2D52+470354]
	Ordinal0 [0x003D389F+473247]
	Ordinal0 [0x003D3241+471617]
	Ordinal0 [0x003D2DD9+470489]
	Ordinal0 [0x003D2D95+470421]
	Ordinal0 [0x003D7F30+491312]
	Ordinal0 [0x003D2D52+470354]
	Ordinal0 [0x003D389F+473247]
	Ordinal0 [0x003D3241+471617]
	Ordinal0 [0x003D2DD9+470489]
	Ordinal0 [0x003D2D95+470421]
	Ordinal0 [0x003D714F+487759]
	Ordinal0 [0x003D2D52+470354]
	Ordinal0 [0x003D389F+473247]
	Ordinal0 [0x003D3241+471617]
	Ordinal0 [0x003D2DD9+470489]
	Ordinal0 [0x003D2D95+470421]
	Ordinal0 [0x003CF854+456788]
	Ordinal0 [0x003D2D52+470354]
	Ordinal0 [0x003D2BEE+469998]
	Ordinal0 [0x003DD7F0+514032]
	Ordinal0 [0x003915EA+202218]
	Ordinal0 [0x0039069D+198301]
	Ordinal0 [0x0038EECB+192203]
	Ordinal0 [0x00375FF6+90102]
	Ordinal0 [0x0037765A+95834]
	Ordinal0 [0x00377554+95572]
	GetHandleVerifier [0x0062231C+1249612]
	GetHandleVerifier [0x00571575+525221]
	GetHandleVerifier [0x00571310+524608]
	Ordinal0 [0x004D5D28+1531176]
	GetHandleVerifier [0x00571D4A+527226]
	Ordinal0 [0x004575F6+1013238]
	Ordinal0 [0x0045746F+1012847]
	Ordinal0 [0x0046365B+1062491]
	Ordinal0 [0x0046379F+1062815]
	Ordinal0 [0x00462745+1058629]
	BaseThreadInitThunk [0x760F0419+25]
	RtlGetAppContainerNamedObjectPath [0x7747662D+237]
	RtlGetAppContainerNamedObjectPath [0x774765FD+189]

	at sun.reflect.NativeConstructorAccessorImpl.newInstance0(Native Method)
	at sun.reflect.NativeConstructorAccessorImpl.newInstance(NativeConstructorAccessorImpl.java:62)
	at sun.reflect.DelegatingConstructorAccessorImpl.newInstance(DelegatingConstructorAccessorImpl.java:45)
	at java.lang.reflect.Constructor.newInstance(Constructor.java:423)
	at org.openqa.selenium.remote.W3CHandshakeResponse.lambda$new$0(W3CHandshakeResponse.java:57)
	at org.openqa.selenium.remote.W3CHandshakeResponse.lambda$getResponseFunction$2(W3CHandshakeResponse.java:104)
	at org.openqa.selenium.remote.ProtocolHandshake.lambda$createSession$0(ProtocolHandshake.java:123)
	at java.util.stream.ReferencePipeline$3$1.accept(ReferencePipeline.java:193)
	at java.util.Spliterators$ArraySpliterator.tryAdvance(Spliterators.java:958)
	at java.util.stream.ReferencePipeline.forEachWithCancel(ReferencePipeline.java:126)
	at java.util.stream.AbstractPipeline.copyIntoWithCancel(AbstractPipeline.java:498)
	at java.util.stream.AbstractPipeline.copyInto(AbstractPipeline.java:485)
	at java.util.stream.AbstractPipeline.wrapAndCopyInto(AbstractPipeline.java:471)
	at java.util.stream.FindOps$FindOp.evaluateSequential(FindOps.java:152)
	at java.util.stream.AbstractPipeline.evaluate(AbstractPipeline.java:234)
	at java.util.stream.ReferencePipeline.findFirst(ReferencePipeline.java:464)
	at org.openqa.selenium.remote.ProtocolHandshake.createSession(ProtocolHandshake.java:126)
	at org.openqa.selenium.remote.ProtocolHandshake.createSession(ProtocolHandshake.java:73)
	at org.openqa.selenium.remote.HttpCommandExecutor.execute(HttpCommandExecutor.java:142)
	at org.openqa.selenium.remote.service.DriverCommandExecutor.execute(DriverCommandExecutor.java:83)
	at org.openqa.selenium.remote.RemoteWebDriver.execute(RemoteWebDriver.java:601)
	at org.openqa.selenium.remote.RemoteWebDriver.startSession(RemoteWebDriver.java:219)
	at org.openqa.selenium.remote.RemoteWebDriver.&lt;init&gt;(RemoteWebDriver.java:142)
	at org.openqa.selenium.chrome.ChromeDriver.&lt;init&gt;(ChromeDriver.java:181)
	at org.openqa.selenium.chrome.ChromeDriver.&lt;init&gt;(ChromeDriver.java:168)
	at org.openqa.selenium.chrome.ChromeDriver.&lt;init&gt;(ChromeDriver.java:123)
	at Hotel_Dweb.Hotel.SetupApplication(Hotel.java:46)
	at sun.reflect.NativeMethodAccessorImpl.invoke0(Native Method)
	at sun.reflect.NativeMethodAccessorImpl.invoke(NativeMethodAccessorImpl.java:62)
	at sun.reflect.DelegatingMethodAccessorImpl.invoke(DelegatingMethodAccessorImpl.java:43)
	at java.lang.reflect.Method.invoke(Method.java:498)
	at org.testng.internal.MethodInvocationHelper.invokeMethod(MethodInvocationHelper.java:124)
	at org.testng.internal.MethodInvocationHelper.invokeMethodConsideringTimeout(MethodInvocationHelper.java:59)
	at org.testng.internal.Invoker.invokeConfigurationMethod(Invoker.java:458)
	at org.testng.internal.Invoker.invokeConfigurations(Invoker.java:222)
	at org.testng.internal.Invoker.invokeMethod(Invoker.java:523)
	at org.testng.internal.Invoker.invokeTestMethod(Invoker.java:719)
	at org.testng.internal.Invoker.invokeTestMethods(Invoker.java:989)
	at org.testng.internal.TestMethodWorker.invokeTestMethods(TestMethodWorker.java:125)
	at org.testng.internal.TestMethodWorker.run(TestMethodWorker.java:109)
	at org.testng.TestRunner.privateRun(TestRunner.java:648)
	at org.testng.TestRunner.run(TestRunner.java:505)
	at org.testng.SuiteRunner.runTest(SuiteRunner.java:455)
	at org.testng.SuiteRunner.runSequentially(SuiteRunner.java:450)
	at org.testng.SuiteRunner.privateRun(SuiteRunner.java:415)
	at org.testng.SuiteRunner.run(SuiteRunner.java:364)
	at org.testng.SuiteRunnerWorker.runSuite(SuiteRunnerWorker.java:52)
	at org.testng.SuiteRunnerWorker.run(SuiteRunnerWorker.java:84)
	at org.testng.TestNG.runSuitesSequentially(TestNG.java:1208)
	at org.testng.TestNG.runSuitesLocally(TestNG.java:1137)
	at org.testng.TestNG.runSuites(TestNG.java:1049)
	at org.testng.TestNG.run(TestNG.java:1017)
	at org.testng.remote.AbstractRemoteTestNG.run(AbstractRemoteTestNG.java:115)
	at org.testng.remote.RemoteTestNG.initAndRun(RemoteTestNG.java:251)
	at org.testng.remote.RemoteTestNG.main(RemoteTestNG.java:77)
</div></td></tr></table><p class="totop"><a href="#summary">back to summary</a></p>
<h3 id="m6">Hotel_Dweb.Hotel#main</h3><table class="result"><tr class="param"><th>Parameter #1</th></tr><tr class="param stripe"><td>Delhi</td></tr><tr><th>Messages</th></tr><tr><td><div class="messages"> ========== TestCase Started on homepage ======<br/>Hotelicon passed<br/>Enter the location passed<br/>Select dropdown passed <br/>Checkin passed<br/>Searchbutton passed<br/>======Test case start on SRP page<br/>Check all filters on SRP page<br/>Hotelselection passed<br/>SelectHotel passed<br/>======= Assertion check on Review page =======<br/>Traveller details passed<br/>Proc_To_Payment passed<br/>=======Assertion Check start on Payment page=======</div></td></tr></table><p class="totop"><a href="#summary">back to summary</a></p>
<h3 id="m7">Hotel_Dweb.Hotel#main</h3><table class="result"><tr class="param"><th>Parameter #1</th></tr><tr class="param stripe"><td>Amritsar</td></tr><tr><th>Messages</th></tr><tr><td><div class="messages"> ========== TestCase Started on homepage ======<br/>Hotelicon passed<br/>Enter the location passed<br/>Select dropdown passed <br/>Checkin passed<br/>Searchbutton passed<br/>======Test case start on SRP page<br/>Check all filters on SRP page<br/>Hotelselection passed<br/>SelectHotel passed<br/>======= Assertion check on Review page =======<br/>Traveller details passed<br/>Proc_To_Payment passed<br/>=======Assertion Check start on Payment page=======</div></td></tr></table><p class="totop"><a href="#summary">back to summary</a></p>
</body>
</html>
