<?xml version="1.0" encoding="UTF-8"?>
<!-- Generated by org.testng.reporters.JUnitReportReporter -->
<testsuite skipped="2" hostname="DEVENDRAGUPTA" name="Hotel_Dweb.Hotel" tests="5" failures="0" timestamp="06 Jul 2020 09:18:54 GMT" time="178.173" errors="1">
  <testcase name="SetupApplication" time="33.457" classname="Hotel_Dweb.Hotel">
    <error type="org.openqa.selenium.SessionNotCreatedException" message="session not created
from disconnected: received Inspector.detached event
  (Session info: chrome=75.0.3770.80)
Build info: version: &#039;3.8.1&#039;, revision: &#039;6e95a6684b&#039;, time: &#039;2017-12-01T18:33:54.468Z&#039;
System info: host: &#039;DEVENDRAGUPTA&#039;, ip: &#039;192.168.30.122&#039;, os.name: &#039;Windows 10&#039;, os.arch: &#039;amd64&#039;, os.version: &#039;10.0&#039;, java.version: &#039;1.8.0_211&#039;
Driver info: driver.version: ChromeDriver
remote stacktrace: Backtrace:
	Ordinal0 [0x004C7DF3+1474035]
	Ordinal0 [0x004407D1+919505]
	Ordinal0 [0x003DCB43+510787]
	Ordinal0 [0x003D4243+475715]
	Ordinal0 [0x003D3F46+474950]
	Ordinal0 [0x003D3C72+474226]
	Ordinal0 [0x003D3241+471617]
	Ordinal0 [0x003D2DD9+470489]
	Ordinal0 [0x003D2D95+470421]
	Ordinal0 [0x003DB526+505126]
	Ordinal0 [0x003D2D52+470354]
	Ordinal0 [0x003D389F+473247]
	Ordinal0 [0x003D3241+471617]
	Ordinal0 [0x003D2DD9+470489]
	Ordinal0 [0x003D2D95+470421]
	Ordinal0 [0x003D9A31+498225]
	Ordinal0 [0x003D2D52+470354]
	Ordinal0 [0x003D389F+473247]
	Ordinal0 [0x003D3241+471617]
	Ordinal0 [0x003D2DD9+470489]
	Ordinal0 [0x003D2D95+470421]
	Ordinal0 [0x003D7F30+491312]
	Ordinal0 [0x003D2D52+470354]
	Ordinal0 [0x003D389F+473247]
	Ordinal0 [0x003D3241+471617]
	Ordinal0 [0x003D2DD9+470489]
	Ordinal0 [0x003D2D95+470421]
	Ordinal0 [0x003D714F+487759]
	Ordinal0 [0x003D2D52+470354]
	Ordinal0 [0x003D389F+473247]
	Ordinal0 [0x003D3241+471617]
	Ordinal0 [0x003D2DD9+470489]
	Ordinal0 [0x003D2D95+470421]
	Ordinal0 [0x003CF854+456788]
	Ordinal0 [0x003D2D52+470354]
	Ordinal0 [0x003D2BEE+469998]
	Ordinal0 [0x003DD7F0+514032]
	Ordinal0 [0x003915EA+202218]
	Ordinal0 [0x0039069D+198301]
	Ordinal0 [0x0038EECB+192203]
	Ordinal0 [0x00375FF6+90102]
	Ordinal0 [0x0037765A+95834]
	Ordinal0 [0x00377554+95572]
	GetHandleVerifier [0x0062231C+1249612]
	GetHandleVerifier [0x00571575+525221]
	GetHandleVerifier [0x00571310+524608]
	Ordinal0 [0x004D5D28+1531176]
	GetHandleVerifier [0x00571D4A+527226]
	Ordinal0 [0x004575F6+1013238]
	Ordinal0 [0x0045746F+1012847]
	Ordinal0 [0x0046365B+1062491]
	Ordinal0 [0x0046379F+1062815]
	Ordinal0 [0x00462745+1058629]
	BaseThreadInitThunk [0x760F0419+25]
	RtlGetAppContainerNamedObjectPath [0x7747662D+237]
	RtlGetAppContainerNamedObjectPath [0x774765FD+189]
">
      <![CDATA[org.openqa.selenium.SessionNotCreatedException: session not created
from disconnected: received Inspector.detached event
  (Session info: chrome=75.0.3770.80)
Build info: version: '3.8.1', revision: '6e95a6684b', time: '2017-12-01T18:33:54.468Z'
System info: host: 'DEVENDRAGUPTA', ip: '192.168.30.122', os.name: 'Windows 10', os.arch: 'amd64', os.version: '10.0', java.version: '1.8.0_211'
Driver info: driver.version: ChromeDriver
remote stacktrace: Backtrace:
Ordinal0 [0x004C7DF3+1474035]
Ordinal0 [0x004407D1+919505]
Ordinal0 [0x003DCB43+510787]
Ordinal0 [0x003D4243+475715]
Ordinal0 [0x003D3F46+474950]
Ordinal0 [0x003D3C72+474226]
Ordinal0 [0x003D3241+471617]
Ordinal0 [0x003D2DD9+470489]
Ordinal0 [0x003D2D95+470421]
Ordinal0 [0x003DB526+505126]
Ordinal0 [0x003D2D52+470354]
Ordinal0 [0x003D389F+473247]
Ordinal0 [0x003D3241+471617]
Ordinal0 [0x003D2DD9+470489]
Ordinal0 [0x003D2D95+470421]
Ordinal0 [0x003D9A31+498225]
Ordinal0 [0x003D2D52+470354]
Ordinal0 [0x003D389F+473247]
Ordinal0 [0x003D3241+471617]
Ordinal0 [0x003D2DD9+470489]
Ordinal0 [0x003D2D95+470421]
Ordinal0 [0x003D7F30+491312]
Ordinal0 [0x003D2D52+470354]
Ordinal0 [0x003D389F+473247]
Ordinal0 [0x003D3241+471617]
Ordinal0 [0x003D2DD9+470489]
Ordinal0 [0x003D2D95+470421]
Ordinal0 [0x003D714F+487759]
Ordinal0 [0x003D2D52+470354]
Ordinal0 [0x003D389F+473247]
Ordinal0 [0x003D3241+471617]
Ordinal0 [0x003D2DD9+470489]
Ordinal0 [0x003D2D95+470421]
Ordinal0 [0x003CF854+456788]
Ordinal0 [0x003D2D52+470354]
Ordinal0 [0x003D2BEE+469998]
Ordinal0 [0x003DD7F0+514032]
Ordinal0 [0x003915EA+202218]
Ordinal0 [0x0039069D+198301]
Ordinal0 [0x0038EECB+192203]
Ordinal0 [0x00375FF6+90102]
Ordinal0 [0x0037765A+95834]
Ordinal0 [0x00377554+95572]
GetHandleVerifier [0x0062231C+1249612]
GetHandleVerifier [0x00571575+525221]
GetHandleVerifier [0x00571310+524608]
Ordinal0 [0x004D5D28+1531176]
GetHandleVerifier [0x00571D4A+527226]
Ordinal0 [0x004575F6+1013238]
Ordinal0 [0x0045746F+1012847]
Ordinal0 [0x0046365B+1062491]
Ordinal0 [0x0046379F+1062815]
Ordinal0 [0x00462745+1058629]
BaseThreadInitThunk [0x760F0419+25]
RtlGetAppContainerNamedObjectPath [0x7747662D+237]
RtlGetAppContainerNamedObjectPath [0x774765FD+189]

at sun.reflect.NativeConstructorAccessorImpl.newInstance0(Native Method)
at sun.reflect.NativeConstructorAccessorImpl.newInstance(NativeConstructorAccessorImpl.java:62)
at sun.reflect.DelegatingConstructorAccessorImpl.newInstance(DelegatingConstructorAccessorImpl.java:45)
at java.lang.reflect.Constructor.newInstance(Constructor.java:423)
at org.openqa.selenium.remote.W3CHandshakeResponse.lambda$new$0(W3CHandshakeResponse.java:57)
at org.openqa.selenium.remote.W3CHandshakeResponse.lambda$getResponseFunction$2(W3CHandshakeResponse.java:104)
at org.openqa.selenium.remote.ProtocolHandshake.lambda$createSession$0(ProtocolHandshake.java:123)
at java.util.stream.ReferencePipeline$3$1.accept(ReferencePipeline.java:193)
at java.util.Spliterators$ArraySpliterator.tryAdvance(Spliterators.java:958)
at java.util.stream.ReferencePipeline.forEachWithCancel(ReferencePipeline.java:126)
at java.util.stream.AbstractPipeline.copyIntoWithCancel(AbstractPipeline.java:498)
at java.util.stream.AbstractPipeline.copyInto(AbstractPipeline.java:485)
at java.util.stream.AbstractPipeline.wrapAndCopyInto(AbstractPipeline.java:471)
at java.util.stream.FindOps$FindOp.evaluateSequential(FindOps.java:152)
at java.util.stream.AbstractPipeline.evaluate(AbstractPipeline.java:234)
at java.util.stream.ReferencePipeline.findFirst(ReferencePipeline.java:464)
at org.openqa.selenium.remote.ProtocolHandshake.createSession(ProtocolHandshake.java:126)
at org.openqa.selenium.remote.ProtocolHandshake.createSession(ProtocolHandshake.java:73)
at org.openqa.selenium.remote.HttpCommandExecutor.execute(HttpCommandExecutor.java:142)
at org.openqa.selenium.remote.service.DriverCommandExecutor.execute(DriverCommandExecutor.java:83)
at org.openqa.selenium.remote.RemoteWebDriver.execute(RemoteWebDriver.java:601)
at org.openqa.selenium.remote.RemoteWebDriver.startSession(RemoteWebDriver.java:219)
at org.openqa.selenium.remote.RemoteWebDriver.<init>(RemoteWebDriver.java:142)
at org.openqa.selenium.chrome.ChromeDriver.<init>(ChromeDriver.java:181)
at org.openqa.selenium.chrome.ChromeDriver.<init>(ChromeDriver.java:168)
at org.openqa.selenium.chrome.ChromeDriver.<init>(ChromeDriver.java:123)
at Hotel_Dweb.Hotel.SetupApplication(Hotel.java:46)
at sun.reflect.NativeMethodAccessorImpl.invoke0(Native Method)
at sun.reflect.NativeMethodAccessorImpl.invoke(NativeMethodAccessorImpl.java:62)
at sun.reflect.DelegatingMethodAccessorImpl.invoke(DelegatingMethodAccessorImpl.java:43)
at java.lang.reflect.Method.invoke(Method.java:498)
at org.testng.internal.MethodInvocationHelper.invokeMethod(MethodInvocationHelper.java:124)
at org.testng.internal.MethodInvocationHelper.invokeMethodConsideringTimeout(MethodInvocationHelper.java:59)
at org.testng.internal.Invoker.invokeConfigurationMethod(Invoker.java:458)
at org.testng.internal.Invoker.invokeConfigurations(Invoker.java:222)
at org.testng.internal.Invoker.invokeMethod(Invoker.java:523)
at org.testng.internal.Invoker.invokeTestMethod(Invoker.java:719)
at org.testng.internal.Invoker.invokeTestMethods(Invoker.java:989)
at org.testng.internal.TestMethodWorker.invokeTestMethods(TestMethodWorker.java:125)
at org.testng.internal.TestMethodWorker.run(TestMethodWorker.java:109)
at org.testng.TestRunner.privateRun(TestRunner.java:648)
at org.testng.TestRunner.run(TestRunner.java:505)
at org.testng.SuiteRunner.runTest(SuiteRunner.java:455)
at org.testng.SuiteRunner.runSequentially(SuiteRunner.java:450)
at org.testng.SuiteRunner.privateRun(SuiteRunner.java:415)
at org.testng.SuiteRunner.run(SuiteRunner.java:364)
at org.testng.SuiteRunnerWorker.runSuite(SuiteRunnerWorker.java:52)
at org.testng.SuiteRunnerWorker.run(SuiteRunnerWorker.java:84)
at org.testng.TestNG.runSuitesSequentially(TestNG.java:1208)
at org.testng.TestNG.runSuitesLocally(TestNG.java:1137)
at org.testng.TestNG.runSuites(TestNG.java:1049)
at org.testng.TestNG.run(TestNG.java:1017)
at org.testng.remote.AbstractRemoteTestNG.run(AbstractRemoteTestNG.java:115)
at org.testng.remote.RemoteTestNG.initAndRun(RemoteTestNG.java:251)
at org.testng.remote.RemoteTestNG.main(RemoteTestNG.java:77)
]]>
    </error>
  </testcase> <!-- SetupApplication -->
  <testcase name="main" time="87.247" classname="Hotel_Dweb.Hotel"/>
  <testcase name="main" time="57.469" classname="Hotel_Dweb.Hotel"/>
  <testcase name="main" time="0.000" classname="Hotel_Dweb.Hotel">
    <skipped/>
  </testcase> <!-- main -->
  <testcase name="main" time="0.000" classname="Hotel_Dweb.Hotel">
    <skipped/>
  </testcase> <!-- main -->
</testsuite> <!-- Hotel_Dweb.Hotel -->
