<?xml version="1.0" encoding="UTF-8"?>
<!-- Generated by org.testng.reporters.JUnitReportReporter -->
<testsuite skipped="4" hostname="DEVENDRAGUPTA" name="Hotel_Dweb.Hotel" tests="5" failures="0" timestamp="07 Jul 2020 08:17:00 GMT" time="10.208" errors="1">
  <testcase name="main" time="0.000" classname="Hotel_Dweb.Hotel">
    <skipped/>
  </testcase> <!-- main -->
  <testcase name="main" time="0.000" classname="Hotel_Dweb.Hotel">
    <skipped/>
  </testcase> <!-- main -->
  <testcase name="SetupApplication" time="10.208" classname="Hotel_Dweb.Hotel">
    <error type="org.openqa.selenium.SessionNotCreatedException" message="session not created
from chrome not reachable
  (Session info: chrome=75.0.3770.80)
Build info: version: &#039;3.8.1&#039;, revision: &#039;6e95a6684b&#039;, time: &#039;2017-12-01T18:33:54.468Z&#039;
System info: host: &#039;DEVENDRAGUPTA&#039;, ip: &#039;192.168.30.32&#039;, os.name: &#039;Windows 10&#039;, os.arch: &#039;amd64&#039;, os.version: &#039;10.0&#039;, java.version: &#039;1.8.0_211&#039;
Driver info: driver.version: ChromeDriver
remote stacktrace: Backtrace:
	Ordinal0 [0x00B17DF3+1474035]
	Ordinal0 [0x00A907D1+919505]
	Ordinal0 [0x00A2C9B9+510393]
	Ordinal0 [0x00A25749+481097]
	Ordinal0 [0x00A25CE7+482535]
	Ordinal0 [0x00A26D55+486741]
	Ordinal0 [0x00A22C2F+470063]
	Ordinal0 [0x00A2D7F0+514032]
	Ordinal0 [0x009E15EA+202218]
	Ordinal0 [0x009E069D+198301]
	Ordinal0 [0x009DEECB+192203]
	Ordinal0 [0x009C5FF6+90102]
	Ordinal0 [0x009C765A+95834]
	Ordinal0 [0x009C7554+95572]
	GetHandleVerifier [0x00C7231C+1249612]
	GetHandleVerifier [0x00BC1575+525221]
	GetHandleVerifier [0x00BC1310+524608]
	Ordinal0 [0x00B25D28+1531176]
	GetHandleVerifier [0x00BC1D4A+527226]
	Ordinal0 [0x00AA75F6+1013238]
	Ordinal0 [0x00AA746F+1012847]
	Ordinal0 [0x00AB365B+1062491]
	Ordinal0 [0x00AB379F+1062815]
	Ordinal0 [0x00AB2745+1058629]
	BaseThreadInitThunk [0x760F0419+25]
	RtlGetAppContainerNamedObjectPath [0x7747662D+237]
	RtlGetAppContainerNamedObjectPath [0x774765FD+189]
">
      <![CDATA[org.openqa.selenium.SessionNotCreatedException: session not created
from chrome not reachable
  (Session info: chrome=75.0.3770.80)
Build info: version: '3.8.1', revision: '6e95a6684b', time: '2017-12-01T18:33:54.468Z'
System info: host: 'DEVENDRAGUPTA', ip: '192.168.30.32', os.name: 'Windows 10', os.arch: 'amd64', os.version: '10.0', java.version: '1.8.0_211'
Driver info: driver.version: ChromeDriver
remote stacktrace: Backtrace:
Ordinal0 [0x00B17DF3+1474035]
Ordinal0 [0x00A907D1+919505]
Ordinal0 [0x00A2C9B9+510393]
Ordinal0 [0x00A25749+481097]
Ordinal0 [0x00A25CE7+482535]
Ordinal0 [0x00A26D55+486741]
Ordinal0 [0x00A22C2F+470063]
Ordinal0 [0x00A2D7F0+514032]
Ordinal0 [0x009E15EA+202218]
Ordinal0 [0x009E069D+198301]
Ordinal0 [0x009DEECB+192203]
Ordinal0 [0x009C5FF6+90102]
Ordinal0 [0x009C765A+95834]
Ordinal0 [0x009C7554+95572]
GetHandleVerifier [0x00C7231C+1249612]
GetHandleVerifier [0x00BC1575+525221]
GetHandleVerifier [0x00BC1310+524608]
Ordinal0 [0x00B25D28+1531176]
GetHandleVerifier [0x00BC1D4A+527226]
Ordinal0 [0x00AA75F6+1013238]
Ordinal0 [0x00AA746F+1012847]
Ordinal0 [0x00AB365B+1062491]
Ordinal0 [0x00AB379F+1062815]
Ordinal0 [0x00AB2745+1058629]
BaseThreadInitThunk [0x760F0419+25]
RtlGetAppContainerNamedObjectPath [0x7747662D+237]
RtlGetAppContainerNamedObjectPath [0x774765FD+189]

at sun.reflect.NativeConstructorAccessorImpl.newInstance0(Native Method)
at sun.reflect.NativeConstructorAccessorImpl.newInstance(NativeConstructorAccessorImpl.java:62)
at sun.reflect.DelegatingConstructorAccessorImpl.newInstance(DelegatingConstructorAccessorImpl.java:45)
at java.lang.reflect.Constructor.newInstance(Constructor.java:423)
at org.openqa.selenium.remote.W3CHandshakeResponse.lambda$new$0(W3CHandshakeResponse.java:57)
at org.openqa.selenium.remote.W3CHandshakeResponse.lambda$getResponseFunction$2(W3CHandshakeResponse.java:104)
at org.openqa.selenium.remote.ProtocolHandshake.lambda$createSession$0(ProtocolHandshake.java:123)
at java.util.stream.ReferencePipeline$3$1.accept(ReferencePipeline.java:193)
at java.util.Spliterators$ArraySpliterator.tryAdvance(Spliterators.java:958)
at java.util.stream.ReferencePipeline.forEachWithCancel(ReferencePipeline.java:126)
at java.util.stream.AbstractPipeline.copyIntoWithCancel(AbstractPipeline.java:498)
at java.util.stream.AbstractPipeline.copyInto(AbstractPipeline.java:485)
at java.util.stream.AbstractPipeline.wrapAndCopyInto(AbstractPipeline.java:471)
at java.util.stream.FindOps$FindOp.evaluateSequential(FindOps.java:152)
at java.util.stream.AbstractPipeline.evaluate(AbstractPipeline.java:234)
at java.util.stream.ReferencePipeline.findFirst(ReferencePipeline.java:464)
at org.openqa.selenium.remote.ProtocolHandshake.createSession(ProtocolHandshake.java:126)
at org.openqa.selenium.remote.ProtocolHandshake.createSession(ProtocolHandshake.java:73)
at org.openqa.selenium.remote.HttpCommandExecutor.execute(HttpCommandExecutor.java:142)
at org.openqa.selenium.remote.service.DriverCommandExecutor.execute(DriverCommandExecutor.java:83)
at org.openqa.selenium.remote.RemoteWebDriver.execute(RemoteWebDriver.java:601)
at org.openqa.selenium.remote.RemoteWebDriver.startSession(RemoteWebDriver.java:219)
at org.openqa.selenium.remote.RemoteWebDriver.<init>(RemoteWebDriver.java:142)
at org.openqa.selenium.chrome.ChromeDriver.<init>(ChromeDriver.java:181)
at org.openqa.selenium.chrome.ChromeDriver.<init>(ChromeDriver.java:168)
at org.openqa.selenium.chrome.ChromeDriver.<init>(ChromeDriver.java:123)
at Hotel_Dweb.Hotel.SetupApplication(Hotel.java:46)
at sun.reflect.NativeMethodAccessorImpl.invoke0(Native Method)
at sun.reflect.NativeMethodAccessorImpl.invoke(NativeMethodAccessorImpl.java:62)
at sun.reflect.DelegatingMethodAccessorImpl.invoke(DelegatingMethodAccessorImpl.java:43)
at java.lang.reflect.Method.invoke(Method.java:498)
at org.testng.internal.MethodInvocationHelper.invokeMethod(MethodInvocationHelper.java:124)
at org.testng.internal.MethodInvocationHelper.invokeMethodConsideringTimeout(MethodInvocationHelper.java:59)
at org.testng.internal.Invoker.invokeConfigurationMethod(Invoker.java:458)
at org.testng.internal.Invoker.invokeConfigurations(Invoker.java:222)
at org.testng.internal.Invoker.invokeMethod(Invoker.java:523)
at org.testng.internal.Invoker.invokeTestMethod(Invoker.java:719)
at org.testng.internal.Invoker.invokeTestMethods(Invoker.java:989)
at org.testng.internal.TestMethodWorker.invokeTestMethods(TestMethodWorker.java:125)
at org.testng.internal.TestMethodWorker.run(TestMethodWorker.java:109)
at org.testng.TestRunner.privateRun(TestRunner.java:648)
at org.testng.TestRunner.run(TestRunner.java:505)
at org.testng.SuiteRunner.runTest(SuiteRunner.java:455)
at org.testng.SuiteRunner.runSequentially(SuiteRunner.java:450)
at org.testng.SuiteRunner.privateRun(SuiteRunner.java:415)
at org.testng.SuiteRunner.run(SuiteRunner.java:364)
at org.testng.SuiteRunnerWorker.runSuite(SuiteRunnerWorker.java:52)
at org.testng.SuiteRunnerWorker.run(SuiteRunnerWorker.java:84)
at org.testng.TestNG.runSuitesSequentially(TestNG.java:1208)
at org.testng.TestNG.runSuitesLocally(TestNG.java:1137)
at org.testng.TestNG.runSuites(TestNG.java:1049)
at org.testng.TestNG.run(TestNG.java:1017)
at org.apache.maven.surefire.testng.TestNGExecutor.run(TestNGExecutor.java:281)
at org.apache.maven.surefire.testng.TestNGXmlTestSuite.execute(TestNGXmlTestSuite.java:75)
at org.apache.maven.surefire.testng.TestNGProvider.invoke(TestNGProvider.java:121)
at org.apache.maven.surefire.booter.ForkedBooter.invokeProviderInSameClassLoader(ForkedBooter.java:290)
at org.apache.maven.surefire.booter.ForkedBooter.runSuitesInProcess(ForkedBooter.java:242)
at org.apache.maven.surefire.booter.ForkedBooter.main(ForkedBooter.java:121)
]]>
    </error>
  </testcase> <!-- SetupApplication -->
  <testcase name="main" time="0.000" classname="Hotel_Dweb.Hotel">
    <skipped/>
  </testcase> <!-- main -->
  <testcase name="main" time="0.000" classname="Hotel_Dweb.Hotel">
    <skipped/>
  </testcase> <!-- main -->
</testsuite> <!-- Hotel_Dweb.Hotel -->
